{"meta": {"format": 3, "version": "7.11.0", "timestamp": "2025-11-11T12:00:59.012766", "branch_coverage": false, "show_contexts": false}, "files": {"src/somali_dialect_classifier/cli/download_bbcsom.py": {"executed_lines": [1, 10, 11, 12, 13, 15, 18, 53, 62, 63, 69, 75, 81, 84, 110], "summary": {"covered_lines": 13, "num_statements": 35, "percent_covered": 37.142857142857146, "percent_covered_display": "37", "missing_lines": 22, "excluded_lines": 2}, "missing_lines": [25, 32, 33, 36, 37, 38, 42, 45, 50, 86, 88, 90, 96, 97, 98, 100, 101, 102, 103, 105, 106, 107], "excluded_lines": [110, 111], "functions": {"_setup_logging": {"executed_lines": [], "summary": {"covered_lines": 0, "num_statements": 9, "percent_covered": 0.0, "percent_covered_display": "0", "missing_lines": 9, "excluded_lines": 0}, "missing_lines": [25, 32, 33, 36, 37, 38, 42, 45, 50], "excluded_lines": []}, "main": {"executed_lines": [62, 63, 69, 75, 81, 84], "summary": {"covered_lines": 6, "num_statements": 19, "percent_covered": 31.57894736842105, "percent_covered_display": "32", "missing_lines": 13, "excluded_lines": 0}, "missing_lines": [86, 88, 90, 96, 97, 98, 100, 101, 102, 103, 105, 106, 107], "excluded_lines": []}, "": {"executed_lines": [1, 10, 11, 12, 13, 15, 18, 53, 110], "summary": {"covered_lines": 7, "num_statements": 7, "percent_covered": 100.0, "percent_covered_display": "100", "missing_lines": 0, "excluded_lines": 2}, "missing_lines": [], "excluded_lines": [110, 111]}}, "classes": {"": {"executed_lines": [1, 10, 11, 12, 13, 15, 18, 53, 62, 63, 69, 75, 81, 84, 110], "summary": {"covered_lines": 13, "num_statements": 35, "percent_covered": 37.142857142857146, "percent_covered_display": "37", "missing_lines": 22, "excluded_lines": 2}, "missing_lines": [25, 32, 33, 36, 37, 38, 42, 45, 50, 86, 88, 90, 96, 97, 98, 100, 101, 102, 103, 105, 106, 107], "excluded_lines": [110, 111]}}}, "src/somali_dialect_classifier/cli/download_wikisom.py": {"executed_lines": [1, 10, 11, 12, 14, 17, 24, 31, 32, 35, 36, 37, 41, 44, 49, 52, 60, 62, 63, 64, 65, 73, 74, 75, 78], "summary": {"covered_lines": 23, "num_statements": 28, "percent_covered": 82.14285714285714, "percent_covered_display": "82", "missing_lines": 5, "excluded_lines": 2}, "missing_lines": [66, 68, 69, 70, 71], "excluded_lines": [78, 79], "functions": {"_setup_logging": {"executed_lines": [24, 31, 32, 35, 36, 37, 41, 44, 49], "summary": {"covered_lines": 9, "num_statements": 9, "percent_covered": 100.0, "percent_covered_display": "100", "missing_lines": 0, "excluded_lines": 0}, "missing_lines": [], "excluded_lines": []}, "main": {"executed_lines": [60, 62, 63, 64, 65, 73, 74, 75], "summary": {"covered_lines": 8, "num_statements": 13, "percent_covered": 61.53846153846154, "percent_covered_display": "62", "missing_lines": 5, "excluded_lines": 0}, "missing_lines": [66, 68, 69, 70, 71], "excluded_lines": []}, "": {"executed_lines": [1, 10, 11, 12, 14, 17, 52, 78], "summary": {"covered_lines": 6, "num_statements": 6, "percent_covered": 100.0, "percent_covered_display": "100", "missing_lines": 0, "excluded_lines": 2}, "missing_lines": [], "excluded_lines": [78, 79]}}, "classes": {"": {"executed_lines": [1, 10, 11, 12, 14, 17, 24, 31, 32, 35, 36, 37, 41, 44, 49, 52, 60, 62, 63, 64, 65, 73, 74, 75, 78], "summary": {"covered_lines": 23, "num_statements": 28, "percent_covered": 82.14285714285714, "percent_covered_display": "82", "missing_lines": 5, "excluded_lines": 2}, "missing_lines": [66, 68, 69, 70, 71], "excluded_lines": [78, 79]}}}, "src/somali_dialect_classifier/config.py": {"executed_lines": [1, 31, 32, 34, 35, 36, 38, 46, 48, 49, 51, 55, 58, 62, 65, 70, 73, 77, 78, 80, 87, 90, 93, 96, 97, 103, 110, 113, 118, 121, 124, 127, 130, 132, 133, 135, 142, 143, 146, 148, 149, 151, 158, 159, 162, 165, 168, 173, 174, 177, 182, 183, 185, 192, 193, 196, 197, 200, 204, 205, 207, 215, 218, 223, 226, 231, 236, 237, 240, 242, 243, 245, 249, 250, 251, 252, 253, 255, 256, 258, 262, 265, 266, 271, 272, 274, 278, 279, 280, 382, 385, 397, 398, 400, 403], "summary": {"covered_lines": 85, "num_statements": 148, "percent_covered": 57.432432432432435, "percent_covered_display": "57", "missing_lines": 63, "excluded_lines": 0}, "missing_lines": [39, 40, 42, 286, 287, 290, 291, 292, 293, 295, 296, 299, 300, 301, 302, 303, 306, 312, 313, 316, 317, 318, 319, 320, 322, 323, 326, 327, 328, 330, 331, 334, 335, 336, 337, 338, 341, 342, 343, 345, 346, 349, 350, 351, 352, 353, 355, 356, 359, 360, 361, 362, 364, 365, 368, 369, 370, 372, 373, 376, 377, 378, 406], "excluded_lines": [], "functions": {"get_config": {"executed_lines": [397, 398, 400], "summary": {"covered_lines": 3, "num_statements": 3, "percent_covered": 100.0, "percent_covered_display": "100", "missing_lines": 0, "excluded_lines": 0}, "missing_lines": [], "excluded_lines": []}, "reset_config": {"executed_lines": [], "summary": {"covered_lines": 0, "num_statements": 1, "percent_covered": 0.0, "percent_covered_display": "0", "missing_lines": 1, "excluded_lines": 0}, "missing_lines": [406], "excluded_lines": []}, "": {"executed_lines": [1, 31, 32, 34, 35, 36, 38, 46, 48, 49, 51, 55, 58, 62, 65, 70, 73, 77, 78, 80, 87, 90, 93, 96, 97, 103, 110, 113, 118, 121, 124, 127, 130, 132, 133, 135, 142, 143, 146, 148, 149, 151, 158, 159, 162, 165, 168, 173, 174, 177, 182, 183, 185, 192, 193, 196, 197, 200, 204, 205, 207, 215, 218, 223, 226, 231, 236, 237, 240, 242, 243, 245, 249, 250, 251, 252, 253, 255, 256, 258, 262, 265, 266, 271, 272, 274, 278, 279, 280, 382, 385, 403], "summary": {"covered_lines": 82, "num_statements": 144, "percent_covered": 56.94444444444444, "percent_covered_display": "57", "missing_lines": 62, "excluded_lines": 0}, "missing_lines": [39, 40, 42, 286, 287, 290, 291, 292, 293, 295, 296, 299, 300, 301, 302, 303, 306, 312, 313, 316, 317, 318, 319, 320, 322, 323, 326, 327, 328, 330, 331, 334, 335, 336, 337, 338, 341, 342, 343, 345, 346, 349, 350, 351, 352, 353, 355, 356, 359, 360, 361, 362, 364, 365, 368, 369, 370, 372, 373, 376, 377, 378], "excluded_lines": []}}, "classes": {"DataConfig": {"executed_lines": [], "summary": {"covered_lines": 0, "num_statements": 0, "percent_covered": 100.0, "percent_covered_display": "100", "missing_lines": 0, "excluded_lines": 0}, "missing_lines": [], "excluded_lines": []}, "BBCScrapingConfig": {"executed_lines": [], "summary": {"covered_lines": 0, "num_statements": 0, "percent_covered": 100.0, "percent_covered_display": "100", "missing_lines": 0, "excluded_lines": 0}, "missing_lines": [], "excluded_lines": []}, "WikipediaScrapingConfig": {"executed_lines": [], "summary": {"covered_lines": 0, "num_statements": 0, "percent_covered": 100.0, "percent_covered_display": "100", "missing_lines": 0, "excluded_lines": 0}, "missing_lines": [], "excluded_lines": []}, "HuggingFaceScrapingConfig": {"executed_lines": [], "summary": {"covered_lines": 0, "num_statements": 0, "percent_covered": 100.0, "percent_covered_display": "100", "missing_lines": 0, "excluded_lines": 0}, "missing_lines": [], "excluded_lines": []}, "SprakbankenScrapingConfig": {"executed_lines": [], "summary": {"covered_lines": 0, "num_statements": 0, "percent_covered": 100.0, "percent_covered_display": "100", "missing_lines": 0, "excluded_lines": 0}, "missing_lines": [], "excluded_lines": []}, "TikTokScrapingConfig": {"executed_lines": [], "summary": {"covered_lines": 0, "num_statements": 0, "percent_covered": 100.0, "percent_covered_display": "100", "missing_lines": 0, "excluded_lines": 0}, "missing_lines": [], "excluded_lines": []}, "ScrapingConfig": {"executed_lines": [], "summary": {"covered_lines": 0, "num_statements": 0, "percent_covered": 100.0, "percent_covered_display": "100", "missing_lines": 0, "excluded_lines": 0}, "missing_lines": [], "excluded_lines": []}, "LoggingConfig": {"executed_lines": [], "summary": {"covered_lines": 0, "num_statements": 0, "percent_covered": 100.0, "percent_covered_display": "100", "missing_lines": 0, "excluded_lines": 0}, "missing_lines": [], "excluded_lines": []}, "Config": {"executed_lines": [], "summary": {"covered_lines": 0, "num_statements": 0, "percent_covered": 100.0, "percent_covered_display": "100", "missing_lines": 0, "excluded_lines": 0}, "missing_lines": [], "excluded_lines": []}, "": {"executed_lines": [1, 31, 32, 34, 35, 36, 38, 46, 48, 49, 51, 55, 58, 62, 65, 70, 73, 77, 78, 80, 87, 90, 93, 96, 97, 103, 110, 113, 118, 121, 124, 127, 130, 132, 133, 135, 142, 143, 146, 148, 149, 151, 158, 159, 162, 165, 168, 173, 174, 177, 182, 183, 185, 192, 193, 196, 197, 200, 204, 205, 207, 215, 218, 223, 226, 231, 236, 237, 240, 242, 243, 245, 249, 250, 251, 252, 253, 255, 256, 258, 262, 265, 266, 271, 272, 274, 278, 279, 280, 382, 385, 397, 398, 400, 403], "summary": {"covered_lines": 85, "num_statements": 148, "percent_covered": 57.432432432432435, "percent_covered_display": "57", "missing_lines": 63, "excluded_lines": 0}, "missing_lines": [39, 40, 42, 286, 287, 290, 291, 292, 293, 295, 296, 299, 300, 301, 302, 303, 306, 312, 313, 316, 317, 318, 319, 320, 322, 323, 326, 327, 328, 330, 331, 334, 335, 336, 337, 338, 341, 342, 343, 345, 346, 349, 350, 351, 352, 353, 355, 356, 359, 360, 361, 362, 364, 365, 368, 369, 370, 372, 373, 376, 377, 378, 406], "excluded_lines": []}}}, "src/somali_dialect_classifier/data/__init__.py": {"executed_lines": [1, 7, 9], "summary": {"covered_lines": 2, "num_statements": 2, "percent_covered": 100.0, "percent_covered_display": "100", "missing_lines": 0, "excluded_lines": 0}, "missing_lines": [], "excluded_lines": [], "functions": {"": {"executed_lines": [1, 7, 9], "summary": {"covered_lines": 2, "num_statements": 2, "percent_covered": 100.0, "percent_covered_display": "100", "missing_lines": 0, "excluded_lines": 0}, "missing_lines": [], "excluded_lines": []}}, "classes": {"": {"executed_lines": [1, 7, 9], "summary": {"covered_lines": 2, "num_statements": 2, "percent_covered": 100.0, "percent_covered_display": "100", "missing_lines": 0, "excluded_lines": 0}, "missing_lines": [], "excluded_lines": []}}}, "src/somali_dialect_classifier/data/data_manager.py": {"executed_lines": [1, 15, 16, 17, 18, 19, 21, 22, 24, 30, 31, 33, 40, 41, 42, 43, 44, 45, 47, 49, 50, 53, 54, 70, 79, 80, 81, 82, 83, 85, 107, 111, 112, 117, 118, 119, 121, 123, 179, 224, 264, 308, 352, 382, 401, 421], "summary": {"covered_lines": 43, "num_statements": 159, "percent_covered": 27.044025157232703, "percent_covered_display": "27", "missing_lines": 116, "excluded_lines": 0}, "missing_lines": [25, 26, 27, 108, 113, 114, 145, 146, 148, 150, 152, 153, 154, 156, 157, 158, 159, 161, 162, 163, 165, 166, 167, 168, 169, 171, 174, 176, 177, 198, 199, 201, 203, 205, 206, 207, 208, 210, 211, 212, 214, 215, 216, 219, 221, 222, 246, 247, 249, 250, 252, 253, 255, 257, 259, 261, 262, 281, 282, 284, 286, 287, 289, 290, 291, 293, 294, 295, 296, 297, 298, 299, 301, 302, 303, 306, 325, 326, 328, 330, 331, 333, 334, 335, 336, 337, 338, 339, 341, 342, 343, 345, 346, 347, 350, 369, 370, 372, 373, 375, 377, 378, 380, 393, 394, 396, 397, 399, 415, 416, 417, 419, 435, 437, 438, 440], "excluded_lines": [], "functions": {"DataPaths.__init__": {"executed_lines": [40, 41, 42, 43, 44, 45], "summary": {"covered_lines": 6, "num_statements": 6, "percent_covered": 100.0, "percent_covered_display": "100", "missing_lines": 0, "excluded_lines": 0}, "missing_lines": [], "excluded_lines": []}, "DataPaths.ensure_directories": {"executed_lines": [49, 50], "summary": {"covered_lines": 2, "num_statements": 2, "percent_covered": 100.0, "percent_covered_display": "100", "missing_lines": 0, "excluded_lines": 0}, "missing_lines": [], "excluded_lines": []}, "DataManager.__init__": {"executed_lines": [79, 80, 81, 82, 83], "summary": {"covered_lines": 5, "num_statements": 5, "percent_covered": 100.0, "percent_covered_display": "100", "missing_lines": 0, "excluded_lines": 0}, "missing_lines": [], "excluded_lines": []}, "DataManager.compute_file_checksum": {"executed_lines": [107, 111, 112, 117, 118, 119, 121], "summary": {"covered_lines": 7, "num_statements": 10, "percent_covered": 70.0, "percent_covered_display": "70", "missing_lines": 3, "excluded_lines": 0}, "missing_lines": [108, 113, 114], "excluded_lines": []}, "DataManager.write_to_raw": {"executed_lines": [], "summary": {"covered_lines": 0, "num_statements": 23, "percent_covered": 0.0, "percent_covered_display": "0", "missing_lines": 23, "excluded_lines": 0}, "missing_lines": [145, 146, 148, 150, 152, 153, 154, 156, 157, 158, 159, 161, 162, 163, 165, 166, 167, 168, 169, 171, 174, 176, 177], "excluded_lines": []}, "DataManager.write_to_staging": {"executed_lines": [], "summary": {"covered_lines": 0, "num_statements": 17, "percent_covered": 0.0, "percent_covered_display": "0", "missing_lines": 17, "excluded_lines": 0}, "missing_lines": [198, 199, 201, 203, 205, 206, 207, 208, 210, 211, 212, 214, 215, 216, 219, 221, 222], "excluded_lines": []}, "DataManager.write_to_silver": {"executed_lines": [], "summary": {"covered_lines": 0, "num_statements": 11, "percent_covered": 0.0, "percent_covered_display": "0", "missing_lines": 11, "excluded_lines": 0}, "missing_lines": [246, 247, 249, 250, 252, 253, 255, 257, 259, 261, 262], "excluded_lines": []}, "DataManager.read_from_raw": {"executed_lines": [], "summary": {"covered_lines": 0, "num_statements": 19, "percent_covered": 0.0, "percent_covered_display": "0", "missing_lines": 19, "excluded_lines": 0}, "missing_lines": [281, 282, 284, 286, 287, 289, 290, 291, 293, 294, 295, 296, 297, 298, 299, 301, 302, 303, 306], "excluded_lines": []}, "DataManager.read_from_staging": {"executed_lines": [], "summary": {"covered_lines": 0, "num_statements": 19, "percent_covered": 0.0, "percent_covered_display": "0", "missing_lines": 19, "excluded_lines": 0}, "missing_lines": [325, 326, 328, 330, 331, 333, 334, 335, 336, 337, 338, 339, 341, 342, 343, 345, 346, 347, 350], "excluded_lines": []}, "DataManager.read_from_silver": {"executed_lines": [], "summary": {"covered_lines": 0, "num_statements": 8, "percent_covered": 0.0, "percent_covered_display": "0", "missing_lines": 8, "excluded_lines": 0}, "missing_lines": [369, 370, 372, 373, 375, 377, 378, 380], "excluded_lines": []}, "DataManager.validate_file": {"executed_lines": [], "summary": {"covered_lines": 0, "num_statements": 5, "percent_covered": 0.0, "percent_covered_display": "0", "missing_lines": 5, "excluded_lines": 0}, "missing_lines": [393, 394, 396, 397, 399], "excluded_lines": []}, "DataManager.get_source_dir": {"executed_lines": [], "summary": {"covered_lines": 0, "num_statements": 4, "percent_covered": 0.0, "percent_covered_display": "0", "missing_lines": 4, "excluded_lines": 0}, "missing_lines": [415, 416, 417, 419], "excluded_lines": []}, "DataManager.list_files": {"executed_lines": [], "summary": {"covered_lines": 0, "num_statements": 4, "percent_covered": 0.0, "percent_covered_display": "0", "missing_lines": 4, "excluded_lines": 0}, "missing_lines": [435, 437, 438, 440], "excluded_lines": []}, "": {"executed_lines": [1, 15, 16, 17, 18, 19, 21, 22, 24, 30, 31, 33, 47, 53, 54, 70, 85, 123, 179, 224, 264, 308, 352, 382, 401, 421], "summary": {"covered_lines": 23, "num_statements": 26, "percent_covered": 88.46153846153847, "percent_covered_display": "88", "missing_lines": 3, "excluded_lines": 0}, "missing_lines": [25, 26, 27], "excluded_lines": []}}, "classes": {"DataPaths": {"executed_lines": [40, 41, 42, 43, 44, 45, 49, 50], "summary": {"covered_lines": 8, "num_statements": 8, "percent_covered": 100.0, "percent_covered_display": "100", "missing_lines": 0, "excluded_lines": 0}, "missing_lines": [], "excluded_lines": []}, "DataManager": {"executed_lines": [79, 80, 81, 82, 83, 107, 111, 112, 117, 118, 119, 121], "summary": {"covered_lines": 12, "num_statements": 125, "percent_covered": 9.6, "percent_covered_display": "10", "missing_lines": 113, "excluded_lines": 0}, "missing_lines": [108, 113, 114, 145, 146, 148, 150, 152, 153, 154, 156, 157, 158, 159, 161, 162, 163, 165, 166, 167, 168, 169, 171, 174, 176, 177, 198, 199, 201, 203, 205, 206, 207, 208, 210, 211, 212, 214, 215, 216, 219, 221, 222, 246, 247, 249, 250, 252, 253, 255, 257, 259, 261, 262, 281, 282, 284, 286, 287, 289, 290, 291, 293, 294, 295, 296, 297, 298, 299, 301, 302, 303, 306, 325, 326, 328, 330, 331, 333, 334, 335, 336, 337, 338, 339, 341, 342, 343, 345, 346, 347, 350, 369, 370, 372, 373, 375, 377, 378, 380, 393, 394, 396, 397, 399, 415, 416, 417, 419, 435, 437, 438, 440], "excluded_lines": []}, "": {"executed_lines": [1, 15, 16, 17, 18, 19, 21, 22, 24, 30, 31, 33, 47, 53, 54, 70, 85, 123, 179, 224, 264, 308, 352, 382, 401, 421], "summary": {"covered_lines": 23, "num_statements": 26, "percent_covered": 88.46153846153847, "percent_covered_display": "88", "missing_lines": 3, "excluded_lines": 0}, "missing_lines": [25, 26, 27], "excluded_lines": []}}}, "src/somali_dialect_classifier/database/__init__.py": {"executed_lines": [], "summary": {"covered_lines": 0, "num_statements": 2, "percent_covered": 0.0, "percent_covered_display": "0", "missing_lines": 2, "excluded_lines": 0}, "missing_lines": [7, 9], "excluded_lines": [], "functions": {"": {"executed_lines": [], "summary": {"covered_lines": 0, "num_statements": 2, "percent_covered": 0.0, "percent_covered_display": "0", "missing_lines": 2, "excluded_lines": 0}, "missing_lines": [7, 9], "excluded_lines": []}}, "classes": {"": {"executed_lines": [], "summary": {"covered_lines": 0, "num_statements": 2, "percent_covered": 0.0, "percent_covered_display": "0", "missing_lines": 2, "excluded_lines": 0}, "missing_lines": [7, 9], "excluded_lines": []}}}, "src/somali_dialect_classifier/database/postgres_ledger.py": {"executed_lines": [], "summary": {"covered_lines": 0, "num_statements": 166, "percent_covered": 0.0, "percent_covered_display": "0", "missing_lines": 166, "excluded_lines": 0}, "missing_lines": [17, 18, 19, 20, 21, 23, 24, 25, 27, 29, 32, 44, 46, 68, 73, 74, 77, 80, 81, 82, 85, 87, 88, 90, 91, 92, 94, 96, 97, 99, 100, 101, 102, 103, 104, 105, 106, 108, 114, 185, 186, 187, 188, 189, 190, 191, 192, 194, 215, 218, 249, 250, 251, 276, 278, 287, 288, 289, 290, 292, 294, 295, 297, 301, 311, 312, 314, 315, 316, 317, 319, 321, 325, 327, 328, 336, 338, 344, 346, 347, 348, 350, 352, 354, 355, 356, 357, 359, 361, 370, 372, 373, 374, 375, 377, 378, 380, 381, 383, 385, 387, 389, 390, 391, 392, 394, 396, 398, 400, 409, 410, 411, 413, 415, 417, 418, 420, 421, 423, 425, 427, 428, 430, 431, 433, 434, 437, 438, 448, 456, 457, 458, 459, 462, 463, 474, 483, 484, 485, 487, 488, 490, 493, 494, 502, 509, 512, 513, 522, 523, 529, 531, 533, 535, 542, 543, 544, 545, 547, 549, 550, 551, 553, 554, 562, 566], "excluded_lines": [], "functions": {"PostgresLedger.__init__": {"executed_lines": [], "summary": {"covered_lines": 0, "num_statements": 8, "percent_covered": 0.0, "percent_covered_display": "0", "missing_lines": 8, "excluded_lines": 0}, "missing_lines": [68, 73, 74, 77, 80, 81, 82, 85], "excluded_lines": []}, "PostgresLedger._get_connection": {"executed_lines": [], "summary": {"covered_lines": 0, "num_statements": 4, "percent_covered": 0.0, "percent_covered_display": "0", "missing_lines": 4, "excluded_lines": 0}, "missing_lines": [90, 91, 92, 94], "excluded_lines": []}, "PostgresLedger.transaction": {"executed_lines": [], "summary": {"covered_lines": 0, "num_statements": 8, "percent_covered": 0.0, "percent_covered_display": "0", "missing_lines": 8, "excluded_lines": 0}, "missing_lines": [99, 100, 101, 102, 103, 104, 105, 106], "excluded_lines": []}, "PostgresLedger.initialize_schema": {"executed_lines": [], "summary": {"covered_lines": 0, "num_statements": 9, "percent_covered": 0.0, "percent_covered_display": "0", "missing_lines": 9, "excluded_lines": 0}, "missing_lines": [114, 185, 186, 187, 188, 189, 190, 191, 192], "excluded_lines": []}, "PostgresLedger.upsert_url": {"executed_lines": [], "summary": {"covered_lines": 0, "num_statements": 5, "percent_covered": 0.0, "percent_covered_display": "0", "missing_lines": 5, "excluded_lines": 0}, "missing_lines": [215, 218, 249, 250, 251], "excluded_lines": []}, "PostgresLedger.get_url_state": {"executed_lines": [], "summary": {"covered_lines": 0, "num_statements": 8, "percent_covered": 0.0, "percent_covered_display": "0", "missing_lines": 8, "excluded_lines": 0}, "missing_lines": [278, 287, 288, 289, 290, 292, 294, 295], "excluded_lines": []}, "PostgresLedger.get_urls_by_state": {"executed_lines": [], "summary": {"covered_lines": 0, "num_statements": 8, "percent_covered": 0.0, "percent_covered_display": "0", "missing_lines": 8, "excluded_lines": 0}, "missing_lines": [301, 311, 312, 314, 315, 316, 317, 319], "excluded_lines": []}, "PostgresLedger.mark_url_state": {"executed_lines": [], "summary": {"covered_lines": 0, "num_statements": 9, "percent_covered": 0.0, "percent_covered_display": "0", "missing_lines": 9, "excluded_lines": 0}, "missing_lines": [325, 327, 328, 336, 338, 344, 346, 347, 348], "excluded_lines": []}, "PostgresLedger.check_duplicate_by_hash": {"executed_lines": [], "summary": {"covered_lines": 0, "num_statements": 6, "percent_covered": 0.0, "percent_covered_display": "0", "missing_lines": 6, "excluded_lines": 0}, "missing_lines": [352, 354, 355, 356, 357, 359], "excluded_lines": []}, "PostgresLedger.check_near_duplicate_by_minhash": {"executed_lines": [], "summary": {"covered_lines": 0, "num_statements": 10, "percent_covered": 0.0, "percent_covered_display": "0", "missing_lines": 10, "excluded_lines": 0}, "missing_lines": [370, 372, 373, 374, 375, 377, 378, 380, 381, 383], "excluded_lines": []}, "PostgresLedger.get_last_rss_fetch": {"executed_lines": [], "summary": {"covered_lines": 0, "num_statements": 6, "percent_covered": 0.0, "percent_covered_display": "0", "missing_lines": 6, "excluded_lines": 0}, "missing_lines": [387, 389, 390, 391, 392, 394], "excluded_lines": []}, "PostgresLedger.record_rss_fetch": {"executed_lines": [], "summary": {"covered_lines": 0, "num_statements": 5, "percent_covered": 0.0, "percent_covered_display": "0", "missing_lines": 5, "excluded_lines": 0}, "missing_lines": [398, 400, 409, 410, 411], "excluded_lines": []}, "PostgresLedger.should_fetch_rss": {"executed_lines": [], "summary": {"covered_lines": 0, "num_statements": 5, "percent_covered": 0.0, "percent_covered_display": "0", "missing_lines": 5, "excluded_lines": 0}, "missing_lines": [415, 417, 418, 420, 421], "excluded_lines": []}, "PostgresLedger.get_statistics": {"executed_lines": [], "summary": {"covered_lines": 0, "num_statements": 32, "percent_covered": 0.0, "percent_covered_display": "0", "missing_lines": 32, "excluded_lines": 0}, "missing_lines": [425, 427, 428, 430, 431, 433, 434, 437, 438, 448, 456, 457, 458, 459, 462, 463, 474, 483, 484, 485, 487, 488, 490, 493, 494, 502, 509, 512, 513, 522, 523, 529], "excluded_lines": []}, "PostgresLedger.cleanup_old_entries": {"executed_lines": [], "summary": {"covered_lines": 0, "num_statements": 6, "percent_covered": 0.0, "percent_covered_display": "0", "missing_lines": 6, "excluded_lines": 0}, "missing_lines": [533, 535, 542, 543, 544, 545], "excluded_lines": []}, "PostgresLedger.close": {"executed_lines": [], "summary": {"covered_lines": 0, "num_statements": 3, "percent_covered": 0.0, "percent_covered_display": "0", "missing_lines": 3, "excluded_lines": 0}, "missing_lines": [549, 550, 551], "excluded_lines": []}, "PostgresLedger.connection": {"executed_lines": [], "summary": {"covered_lines": 0, "num_statements": 2, "percent_covered": 0.0, "percent_covered_display": "0", "missing_lines": 2, "excluded_lines": 0}, "missing_lines": [562, 566], "excluded_lines": []}, "": {"executed_lines": [], "summary": {"covered_lines": 0, "num_statements": 32, "percent_covered": 0.0, "percent_covered_display": "0", "missing_lines": 32, "excluded_lines": 0}, "missing_lines": [17, 18, 19, 20, 21, 23, 24, 25, 27, 29, 32, 44, 46, 87, 88, 96, 97, 108, 194, 276, 297, 321, 350, 361, 385, 396, 413, 423, 531, 547, 553, 554], "excluded_lines": []}}, "classes": {"PostgresLedger": {"executed_lines": [], "summary": {"covered_lines": 0, "num_statements": 134, "percent_covered": 0.0, "percent_covered_display": "0", "missing_lines": 134, "excluded_lines": 0}, "missing_lines": [68, 73, 74, 77, 80, 81, 82, 85, 90, 91, 92, 94, 99, 100, 101, 102, 103, 104, 105, 106, 114, 185, 186, 187, 188, 189, 190, 191, 192, 215, 218, 249, 250, 251, 278, 287, 288, 289, 290, 292, 294, 295, 301, 311, 312, 314, 315, 316, 317, 319, 325, 327, 328, 336, 338, 344, 346, 347, 348, 352, 354, 355, 356, 357, 359, 370, 372, 373, 374, 375, 377, 378, 380, 381, 383, 387, 389, 390, 391, 392, 394, 398, 400, 409, 410, 411, 415, 417, 418, 420, 421, 425, 427, 428, 430, 431, 433, 434, 437, 438, 448, 456, 457, 458, 459, 462, 463, 474, 483, 484, 485, 487, 488, 490, 493, 494, 502, 509, 512, 513, 522, 523, 529, 533, 535, 542, 543, 544, 545, 549, 550, 551, 562, 566], "excluded_lines": []}, "": {"executed_lines": [], "summary": {"covered_lines": 0, "num_statements": 32, "percent_covered": 0.0, "percent_covered_display": "0", "missing_lines": 32, "excluded_lines": 0}, "missing_lines": [17, 18, 19, 20, 21, 23, 24, 25, 27, 29, 32, 44, 46, 87, 88, 96, 97, 108, 194, 276, 297, 321, 350, 361, 385, 396, 413, 423, 531, 547, 553, 554], "excluded_lines": []}}}, "src/somali_dialect_classifier/deployment/__init__.py": {"executed_lines": [1, 3, 11], "summary": {"covered_lines": 2, "num_statements": 2, "percent_covered": 100.0, "percent_covered_display": "100", "missing_lines": 0, "excluded_lines": 0}, "missing_lines": [], "excluded_lines": [], "functions": {"": {"executed_lines": [1, 3, 11], "summary": {"covered_lines": 2, "num_statements": 2, "percent_covered": 100.0, "percent_covered_display": "100", "missing_lines": 0, "excluded_lines": 0}, "missing_lines": [], "excluded_lines": []}}, "classes": {"": {"executed_lines": [1, 3, 11], "summary": {"covered_lines": 2, "num_statements": 2, "percent_covered": 100.0, "percent_covered_display": "100", "missing_lines": 0, "excluded_lines": 0}, "missing_lines": [], "excluded_lines": []}}}, "src/somali_dialect_classifier/deployment/dashboard_deployer.py": {"executed_lines": [1, 9, 10, 11, 12, 13, 14, 15, 17, 20, 21, 22, 24, 25, 26, 27, 28, 29, 30, 31, 34, 35, 37, 39, 40, 65, 66, 111, 112, 140, 141, 143, 144, 157, 158, 172, 173, 227, 228, 253, 254, 280, 281, 310, 311, 313, 323, 332, 366, 413, 442, 562], "summary": {"covered_lines": 47, "num_statements": 250, "percent_covered": 18.8, "percent_covered_display": "19", "missing_lines": 203, "excluded_lines": 0}, "missing_lines": [54, 55, 56, 57, 60, 61, 63, 76, 77, 78, 81, 84, 85, 87, 88, 89, 92, 93, 94, 95, 96, 99, 100, 101, 102, 104, 106, 107, 108, 109, 122, 123, 125, 126, 127, 129, 130, 131, 132, 134, 135, 137, 146, 147, 153, 154, 155, 160, 161, 168, 169, 170, 180, 182, 192, 202, 210, 218, 219, 220, 239, 240, 241, 248, 249, 250, 251, 265, 266, 274, 275, 276, 277, 278, 293, 294, 302, 303, 304, 305, 306, 307, 320, 321, 325, 326, 327, 328, 329, 330, 342, 343, 344, 346, 347, 348, 349, 351, 352, 353, 354, 355, 356, 358, 376, 377, 378, 379, 382, 383, 384, 385, 387, 390, 393, 401, 402, 404, 411, 420, 423, 424, 427, 428, 431, 432, 435, 436, 437, 438, 440, 452, 453, 454, 457, 458, 459, 460, 461, 462, 463, 466, 467, 468, 472, 473, 474, 475, 477, 478, 479, 481, 483, 486, 487, 488, 492, 495, 496, 498, 499, 505, 506, 507, 508, 510, 511, 512, 513, 514, 515, 516, 519, 520, 521, 522, 523, 526, 527, 528, 529, 532, 533, 534, 539, 540, 543, 545, 547, 548, 549, 550, 551, 552, 553, 554, 555, 559, 572, 574, 575, 577, 579], "excluded_lines": [], "functions": {"MetricsValidator.extract_metrics_data": {"executed_lines": [], "summary": {"covered_lines": 0, "num_statements": 7, "percent_covered": 0.0, "percent_covered_display": "0", "missing_lines": 7, "excluded_lines": 0}, "missing_lines": [54, 55, 56, 57, 60, 61, 63], "excluded_lines": []}, "MetricsValidator.validate_metrics_file": {"executed_lines": [], "summary": {"covered_lines": 0, "num_statements": 23, "percent_covered": 0.0, "percent_covered_display": "0", "missing_lines": 23, "excluded_lines": 0}, "missing_lines": [76, 77, 78, 81, 84, 85, 87, 88, 89, 92, 93, 94, 95, 96, 99, 100, 101, 102, 104, 106, 107, 108, 109], "excluded_lines": []}, "MetricsValidator.validate_all_metrics": {"executed_lines": [], "summary": {"covered_lines": 0, "num_statements": 12, "percent_covered": 0.0, "percent_covered_display": "0", "missing_lines": 12, "excluded_lines": 0}, "missing_lines": [122, 123, 125, 126, 127, 129, 130, 131, 132, 134, 135, 137], "excluded_lines": []}, "GitOperations.check_git_available": {"executed_lines": [], "summary": {"covered_lines": 0, "num_statements": 5, "percent_covered": 0.0, "percent_covered_display": "0", "missing_lines": 5, "excluded_lines": 0}, "missing_lines": [146, 147, 153, 154, 155], "excluded_lines": []}, "GitOperations.is_git_repo": {"executed_lines": [], "summary": {"covered_lines": 0, "num_statements": 5, "percent_covered": 0.0, "percent_covered_display": "0", "missing_lines": 5, "excluded_lines": 0}, "missing_lines": [160, 161, 168, 169, 170], "excluded_lines": []}, "GitOperations.get_repo_status": {"executed_lines": [], "summary": {"covered_lines": 0, "num_statements": 8, "percent_covered": 0.0, "percent_covered_display": "0", "missing_lines": 8, "excluded_lines": 0}, "missing_lines": [180, 182, 192, 202, 210, 218, 219, 220], "excluded_lines": []}, "GitOperations.stage_files": {"executed_lines": [], "summary": {"covered_lines": 0, "num_statements": 7, "percent_covered": 0.0, "percent_covered_display": "0", "missing_lines": 7, "excluded_lines": 0}, "missing_lines": [239, 240, 241, 248, 249, 250, 251], "excluded_lines": []}, "GitOperations.commit_changes": {"executed_lines": [], "summary": {"covered_lines": 0, "num_statements": 7, "percent_covered": 0.0, "percent_covered_display": "0", "missing_lines": 7, "excluded_lines": 0}, "missing_lines": [265, 266, 274, 275, 276, 277, 278], "excluded_lines": []}, "GitOperations.push_changes": {"executed_lines": [], "summary": {"covered_lines": 0, "num_statements": 8, "percent_covered": 0.0, "percent_covered_display": "0", "missing_lines": 8, "excluded_lines": 0}, "missing_lines": [293, 294, 302, 303, 304, 305, 306, 307], "excluded_lines": []}, "DashboardDeployer.__init__": {"executed_lines": [], "summary": {"covered_lines": 0, "num_statements": 2, "percent_covered": 0.0, "percent_covered_display": "0", "missing_lines": 2, "excluded_lines": 0}, "missing_lines": [320, 321], "excluded_lines": []}, "DashboardDeployer._find_repo_root": {"executed_lines": [], "summary": {"covered_lines": 0, "num_statements": 6, "percent_covered": 0.0, "percent_covered_display": "0", "missing_lines": 6, "excluded_lines": 0}, "missing_lines": [325, 326, 327, 328, 329, 330], "excluded_lines": []}, "DashboardDeployer._get_metrics_summary": {"executed_lines": [], "summary": {"covered_lines": 0, "num_statements": 14, "percent_covered": 0.0, "percent_covered_display": "0", "missing_lines": 14, "excluded_lines": 0}, "missing_lines": [342, 343, 344, 346, 347, 348, 349, 351, 352, 353, 354, 355, 356, 358], "excluded_lines": []}, "DashboardDeployer._generate_commit_message": {"executed_lines": [], "summary": {"covered_lines": 0, "num_statements": 15, "percent_covered": 0.0, "percent_covered_display": "0", "missing_lines": 15, "excluded_lines": 0}, "missing_lines": [376, 377, 378, 379, 382, 383, 384, 385, 387, 390, 393, 401, 402, 404, 411], "excluded_lines": []}, "DashboardDeployer.validate_environment": {"executed_lines": [], "summary": {"covered_lines": 0, "num_statements": 12, "percent_covered": 0.0, "percent_covered_display": "0", "missing_lines": 12, "excluded_lines": 0}, "missing_lines": [420, 423, 424, 427, 428, 431, 432, 435, 436, 437, 438, 440], "excluded_lines": []}, "DashboardDeployer.deploy": {"executed_lines": [], "summary": {"covered_lines": 0, "num_statements": 67, "percent_covered": 0.0, "percent_covered_display": "0", "missing_lines": 67, "excluded_lines": 0}, "missing_lines": [452, 453, 454, 457, 458, 459, 460, 461, 462, 463, 466, 467, 468, 472, 473, 474, 475, 477, 478, 479, 481, 483, 486, 487, 488, 492, 495, 496, 498, 499, 505, 506, 507, 508, 510, 511, 512, 513, 514, 515, 516, 519, 520, 521, 522, 523, 526, 527, 528, 529, 532, 533, 534, 539, 540, 543, 545, 547, 548, 549, 550, 551, 552, 553, 554, 555, 559], "excluded_lines": []}, "create_default_config": {"executed_lines": [], "summary": {"covered_lines": 0, "num_statements": 5, "percent_covered": 0.0, "percent_covered_display": "0", "missing_lines": 5, "excluded_lines": 0}, "missing_lines": [572, 574, 575, 577, 579], "excluded_lines": []}, "": {"executed_lines": [1, 9, 10, 11, 12, 13, 14, 15, 17, 20, 21, 22, 24, 25, 26, 27, 28, 29, 30, 31, 34, 35, 37, 39, 40, 65, 66, 111, 112, 140, 141, 143, 144, 157, 158, 172, 173, 227, 228, 253, 254, 280, 281, 310, 311, 313, 323, 332, 366, 413, 442, 562], "summary": {"covered_lines": 47, "num_statements": 47, "percent_covered": 100.0, "percent_covered_display": "100", "missing_lines": 0, "excluded_lines": 0}, "missing_lines": [], "excluded_lines": []}}, "classes": {"DeploymentConfig": {"executed_lines": [], "summary": {"covered_lines": 0, "num_statements": 0, "percent_covered": 100.0, "percent_covered_display": "100", "missing_lines": 0, "excluded_lines": 0}, "missing_lines": [], "excluded_lines": []}, "MetricsValidator": {"executed_lines": [], "summary": {"covered_lines": 0, "num_statements": 42, "percent_covered": 0.0, "percent_covered_display": "0", "missing_lines": 42, "excluded_lines": 0}, "missing_lines": [54, 55, 56, 57, 60, 61, 63, 76, 77, 78, 81, 84, 85, 87, 88, 89, 92, 93, 94, 95, 96, 99, 100, 101, 102, 104, 106, 107, 108, 109, 122, 123, 125, 126, 127, 129, 130, 131, 132, 134, 135, 137], "excluded_lines": []}, "GitOperations": {"executed_lines": [], "summary": {"covered_lines": 0, "num_statements": 40, "percent_covered": 0.0, "percent_covered_display": "0", "missing_lines": 40, "excluded_lines": 0}, "missing_lines": [146, 147, 153, 154, 155, 160, 161, 168, 169, 170, 180, 182, 192, 202, 210, 218, 219, 220, 239, 240, 241, 248, 249, 250, 251, 265, 266, 274, 275, 276, 277, 278, 293, 294, 302, 303, 304, 305, 306, 307], "excluded_lines": []}, "DashboardDeployer": {"executed_lines": [], "summary": {"covered_lines": 0, "num_statements": 116, "percent_covered": 0.0, "percent_covered_display": "0", "missing_lines": 116, "excluded_lines": 0}, "missing_lines": [320, 321, 325, 326, 327, 328, 329, 330, 342, 343, 344, 346, 347, 348, 349, 351, 352, 353, 354, 355, 356, 358, 376, 377, 378, 379, 382, 383, 384, 385, 387, 390, 393, 401, 402, 404, 411, 420, 423, 424, 427, 428, 431, 432, 435, 436, 437, 438, 440, 452, 453, 454, 457, 458, 459, 460, 461, 462, 463, 466, 467, 468, 472, 473, 474, 475, 477, 478, 479, 481, 483, 486, 487, 488, 492, 495, 496, 498, 499, 505, 506, 507, 508, 510, 511, 512, 513, 514, 515, 516, 519, 520, 521, 522, 523, 526, 527, 528, 529, 532, 533, 534, 539, 540, 543, 545, 547, 548, 549, 550, 551, 552, 553, 554, 555, 559], "excluded_lines": []}, "": {"executed_lines": [1, 9, 10, 11, 12, 13, 14, 15, 17, 20, 21, 22, 24, 25, 26, 27, 28, 29, 30, 31, 34, 35, 37, 39, 40, 65, 66, 111, 112, 140, 141, 143, 144, 157, 158, 172, 173, 227, 228, 253, 254, 280, 281, 310, 311, 313, 323, 332, 366, 413, 442, 562], "summary": {"covered_lines": 47, "num_statements": 52, "percent_covered": 90.38461538461539, "percent_covered_display": "90", "missing_lines": 5, "excluded_lines": 0}, "missing_lines": [572, 574, 575, 577, 579], "excluded_lines": []}}}, "src/somali_dialect_classifier/orchestration/__init__.py": {"executed_lines": [], "summary": {"covered_lines": 0, "num_statements": 2, "percent_covered": 0.0, "percent_covered_display": "0", "missing_lines": 2, "excluded_lines": 0}, "missing_lines": [8, 16], "excluded_lines": [], "functions": {"": {"executed_lines": [], "summary": {"covered_lines": 0, "num_statements": 2, "percent_covered": 0.0, "percent_covered_display": "0", "missing_lines": 2, "excluded_lines": 0}, "missing_lines": [8, 16], "excluded_lines": []}}, "classes": {"": {"executed_lines": [], "summary": {"covered_lines": 0, "num_statements": 2, "percent_covered": 0.0, "percent_covered_display": "0", "missing_lines": 2, "excluded_lines": 0}, "missing_lines": [8, 16], "excluded_lines": []}}}, "src/somali_dialect_classifier/orchestration/flows.py": {"executed_lines": [], "summary": {"covered_lines": 0, "num_statements": 445, "percent_covered": 0.0, "percent_covered_display": "0", "missing_lines": 445, "excluded_lines": 2}, "missing_lines": [11, 12, 13, 14, 15, 16, 18, 19, 20, 22, 23, 24, 27, 28, 29, 30, 32, 33, 34, 35, 38, 41, 43, 44, 46, 47, 48, 51, 64, 66, 69, 70, 73, 74, 76, 77, 80, 81, 83, 84, 86, 87, 90, 103, 105, 106, 108, 111, 112, 113, 116, 117, 118, 119, 120, 122, 123, 125, 126, 128, 129, 131, 134, 142, 149, 150, 154, 159, 160, 163, 166, 171, 173, 176, 177, 187, 188, 190, 193, 194, 195, 196, 199, 200, 201, 202, 203, 205, 207, 208, 211, 213, 219, 220, 221, 228, 229, 232, 233, 244, 245, 247, 250, 251, 252, 253, 256, 257, 258, 259, 260, 262, 264, 265, 268, 270, 276, 277, 278, 285, 286, 289, 290, 308, 309, 311, 314, 315, 316, 317, 320, 321, 322, 323, 324, 326, 328, 335, 338, 339, 341, 348, 349, 350, 357, 358, 361, 362, 373, 374, 376, 379, 380, 381, 382, 385, 386, 387, 388, 389, 391, 393, 394, 397, 399, 405, 406, 407, 414, 415, 418, 419, 437, 438, 440, 443, 444, 445, 446, 449, 450, 451, 452, 453, 455, 457, 463, 466, 468, 474, 475, 476, 483, 484, 487, 491, 501, 504, 508, 519, 522, 526, 544, 552, 556, 567, 570, 574, 592, 600, 605, 644, 645, 646, 649, 650, 651, 653, 656, 657, 659, 661, 662, 663, 664, 665, 667, 668, 670, 671, 672, 673, 674, 676, 677, 679, 680, 681, 682, 683, 692, 693, 695, 696, 697, 698, 699, 701, 702, 704, 705, 706, 707, 708, 717, 718, 719, 720, 721, 722, 725, 728, 730, 731, 732, 733, 734, 736, 737, 739, 740, 741, 742, 743, 745, 746, 748, 749, 750, 751, 752, 761, 762, 764, 765, 766, 767, 768, 772, 773, 775, 776, 777, 778, 779, 788, 789, 790, 791, 792, 793, 796, 797, 799, 800, 801, 802, 803, 804, 806, 807, 808, 809, 811, 812, 813, 814, 817, 818, 819, 820, 821, 822, 823, 825, 827, 828, 830, 831, 833, 834, 836, 837, 838, 841, 842, 843, 845, 853, 855, 858, 860, 863, 869, 870, 871, 872, 877, 883, 889, 894, 900, 902, 903, 908, 910, 913, 914, 915, 916, 918, 920, 922, 925, 926, 929, 930, 933, 934, 936, 937, 938, 939, 942, 943, 944, 945, 947, 949, 950, 953, 956, 959, 962, 963, 964, 967, 969, 984, 985, 986, 987, 988, 989, 990, 991, 992, 994, 996, 999, 1001, 1002, 1003, 1004, 1005, 1007, 1008, 1009, 1010, 1013, 1015, 1016, 1017, 1018, 1019, 1021, 1029, 1030, 1031, 1032, 1033, 1034, 1035, 1037, 1038, 1039, 1040, 1042, 1043, 1044, 1045, 1046, 1047, 1048, 1049, 1051, 1052, 1053, 1054, 1055, 1057, 1058, 1059, 1060, 1061], "excluded_lines": [1064, 1065], "functions": {"_get_ledger": {"executed_lines": [], "summary": {"covered_lines": 0, "num_statements": 5, "percent_covered": 0.0, "percent_covered_display": "0", "missing_lines": 5, "excluded_lines": 0}, "missing_lines": [43, 44, 46, 47, 48], "excluded_lines": []}, "should_run_source": {"executed_lines": [], "summary": {"covered_lines": 0, "num_statements": 14, "percent_covered": 0.0, "percent_covered_display": "0", "missing_lines": 14, "excluded_lines": 0}, "missing_lines": [64, 66, 69, 70, 73, 74, 76, 77, 80, 81, 83, 84, 86, 87], "excluded_lines": []}, "is_initial_collection_phase": {"executed_lines": [], "summary": {"covered_lines": 0, "num_statements": 19, "percent_covered": 0.0, "percent_covered_display": "0", "missing_lines": 19, "excluded_lines": 0}, "missing_lines": [103, 105, 106, 108, 111, 112, 113, 116, 117, 118, 119, 120, 122, 123, 125, 126, 128, 129, 131], "excluded_lines": []}, "_setup_orchestrator_logging": {"executed_lines": [], "summary": {"covered_lines": 0, "num_statements": 10, "percent_covered": 0.0, "percent_covered_display": "0", "missing_lines": 10, "excluded_lines": 0}, "missing_lines": [142, 149, 150, 154, 159, 160, 163, 166, 171, 173], "excluded_lines": []}, "run_wikipedia_task": {"executed_lines": [], "summary": {"covered_lines": 0, "num_statements": 22, "percent_covered": 0.0, "percent_covered_display": "0", "missing_lines": 22, "excluded_lines": 0}, "missing_lines": [187, 188, 190, 193, 194, 195, 196, 199, 200, 201, 202, 203, 205, 207, 208, 211, 213, 219, 220, 221, 228, 229], "excluded_lines": []}, "run_bbc_task": {"executed_lines": [], "summary": {"covered_lines": 0, "num_statements": 22, "percent_covered": 0.0, "percent_covered_display": "0", "missing_lines": 22, "excluded_lines": 0}, "missing_lines": [244, 245, 247, 250, 251, 252, 253, 256, 257, 258, 259, 260, 262, 264, 265, 268, 270, 276, 277, 278, 285, 286], "excluded_lines": []}, "run_huggingface_task": {"executed_lines": [], "summary": {"covered_lines": 0, "num_statements": 23, "percent_covered": 0.0, "percent_covered_display": "0", "missing_lines": 23, "excluded_lines": 0}, "missing_lines": [308, 309, 311, 314, 315, 316, 317, 320, 321, 322, 323, 324, 326, 328, 335, 338, 339, 341, 348, 349, 350, 357, 358], "excluded_lines": []}, "run_sprakbanken_task": {"executed_lines": [], "summary": {"covered_lines": 0, "num_statements": 22, "percent_covered": 0.0, "percent_covered_display": "0", "missing_lines": 22, "excluded_lines": 0}, "missing_lines": [373, 374, 376, 379, 380, 381, 382, 385, 386, 387, 388, 389, 391, 393, 394, 397, 399, 405, 406, 407, 414, 415], "excluded_lines": []}, "run_tiktok_task": {"executed_lines": [], "summary": {"covered_lines": 0, "num_statements": 22, "percent_covered": 0.0, "percent_covered_display": "0", "missing_lines": 22, "excluded_lines": 0}, "missing_lines": [437, 438, 440, 443, 444, 445, 446, 449, 450, 451, 452, 453, 455, 457, 463, 466, 468, 474, 475, 476, 483, 484], "excluded_lines": []}, "run_wikipedia_pipeline": {"executed_lines": [], "summary": {"covered_lines": 0, "num_statements": 1, "percent_covered": 0.0, "percent_covered_display": "0", "missing_lines": 1, "excluded_lines": 0}, "missing_lines": [501], "excluded_lines": []}, "run_bbc_pipeline": {"executed_lines": [], "summary": {"covered_lines": 0, "num_statements": 1, "percent_covered": 0.0, "percent_covered_display": "0", "missing_lines": 1, "excluded_lines": 0}, "missing_lines": [519], "excluded_lines": []}, "run_huggingface_pipeline": {"executed_lines": [], "summary": {"covered_lines": 0, "num_statements": 1, "percent_covered": 0.0, "percent_covered_display": "0", "missing_lines": 1, "excluded_lines": 0}, "missing_lines": [544], "excluded_lines": []}, "run_sprakbanken_pipeline": {"executed_lines": [], "summary": {"covered_lines": 0, "num_statements": 1, "percent_covered": 0.0, "percent_covered_display": "0", "missing_lines": 1, "excluded_lines": 0}, "missing_lines": [567], "excluded_lines": []}, "run_tiktok_pipeline": {"executed_lines": [], "summary": {"covered_lines": 0, "num_statements": 1, "percent_covered": 0.0, "percent_covered_display": "0", "missing_lines": 1, "excluded_lines": 0}, "missing_lines": [592], "excluded_lines": []}, "run_all_pipelines": {"executed_lines": [], "summary": {"covered_lines": 0, "num_statements": 127, "percent_covered": 0.0, "percent_covered_display": "0", "missing_lines": 127, "excluded_lines": 0}, "missing_lines": [644, 645, 646, 649, 650, 651, 653, 656, 657, 659, 661, 662, 663, 664, 665, 667, 668, 670, 671, 672, 673, 674, 676, 677, 679, 680, 681, 682, 683, 692, 693, 695, 696, 697, 698, 699, 701, 702, 704, 705, 706, 707, 708, 717, 718, 719, 720, 721, 722, 725, 728, 730, 731, 732, 733, 734, 736, 737, 739, 740, 741, 742, 743, 745, 746, 748, 749, 750, 751, 752, 761, 762, 764, 765, 766, 767, 768, 772, 773, 775, 776, 777, 778, 779, 788, 789, 790, 791, 792, 793, 796, 797, 799, 800, 801, 802, 803, 804, 806, 807, 808, 809, 811, 812, 813, 814, 817, 818, 819, 820, 821, 822, 823, 825, 827, 828, 830, 831, 833, 834, 836, 837, 838, 841, 842, 843, 845], "excluded_lines": []}, "main": {"executed_lines": [], "summary": {"covered_lines": 0, "num_statements": 106, "percent_covered": 0.0, "percent_covered_display": "0", "missing_lines": 106, "excluded_lines": 0}, "missing_lines": [855, 858, 860, 863, 869, 870, 871, 872, 877, 883, 889, 894, 900, 902, 903, 908, 910, 913, 914, 915, 916, 918, 920, 922, 925, 926, 929, 930, 933, 934, 936, 937, 938, 939, 942, 943, 944, 945, 947, 949, 950, 953, 956, 959, 962, 963, 964, 967, 969, 984, 985, 986, 987, 988, 989, 990, 991, 992, 994, 996, 999, 1001, 1002, 1003, 1004, 1005, 1007, 1008, 1009, 1010, 1013, 1015, 1016, 1017, 1018, 1019, 1021, 1029, 1030, 1031, 1032, 1033, 1034, 1035, 1037, 1038, 1039, 1040, 1042, 1043, 1044, 1045, 1046, 1047, 1048, 1049, 1051, 1052, 1053, 1054, 1055, 1057, 1058, 1059, 1060, 1061], "excluded_lines": []}, "": {"executed_lines": [], "summary": {"covered_lines": 0, "num_statements": 48, "percent_covered": 0.0, "percent_covered_display": "0", "missing_lines": 48, "excluded_lines": 2}, "missing_lines": [11, 12, 13, 14, 15, 16, 18, 19, 20, 22, 23, 24, 27, 28, 29, 30, 32, 33, 34, 35, 38, 41, 51, 90, 134, 176, 177, 232, 233, 289, 290, 361, 362, 418, 419, 487, 491, 504, 508, 522, 526, 552, 556, 570, 574, 600, 605, 853], "excluded_lines": [1064, 1065]}}, "classes": {"": {"executed_lines": [], "summary": {"covered_lines": 0, "num_statements": 445, "percent_covered": 0.0, "percent_covered_display": "0", "missing_lines": 445, "excluded_lines": 2}, "missing_lines": [11, 12, 13, 14, 15, 16, 18, 19, 20, 22, 23, 24, 27, 28, 29, 30, 32, 33, 34, 35, 38, 41, 43, 44, 46, 47, 48, 51, 64, 66, 69, 70, 73, 74, 76, 77, 80, 81, 83, 84, 86, 87, 90, 103, 105, 106, 108, 111, 112, 113, 116, 117, 118, 119, 120, 122, 123, 125, 126, 128, 129, 131, 134, 142, 149, 150, 154, 159, 160, 163, 166, 171, 173, 176, 177, 187, 188, 190, 193, 194, 195, 196, 199, 200, 201, 202, 203, 205, 207, 208, 211, 213, 219, 220, 221, 228, 229, 232, 233, 244, 245, 247, 250, 251, 252, 253, 256, 257, 258, 259, 260, 262, 264, 265, 268, 270, 276, 277, 278, 285, 286, 289, 290, 308, 309, 311, 314, 315, 316, 317, 320, 321, 322, 323, 324, 326, 328, 335, 338, 339, 341, 348, 349, 350, 357, 358, 361, 362, 373, 374, 376, 379, 380, 381, 382, 385, 386, 387, 388, 389, 391, 393, 394, 397, 399, 405, 406, 407, 414, 415, 418, 419, 437, 438, 440, 443, 444, 445, 446, 449, 450, 451, 452, 453, 455, 457, 463, 466, 468, 474, 475, 476, 483, 484, 487, 491, 501, 504, 508, 519, 522, 526, 544, 552, 556, 567, 570, 574, 592, 600, 605, 644, 645, 646, 649, 650, 651, 653, 656, 657, 659, 661, 662, 663, 664, 665, 667, 668, 670, 671, 672, 673, 674, 676, 677, 679, 680, 681, 682, 683, 692, 693, 695, 696, 697, 698, 699, 701, 702, 704, 705, 706, 707, 708, 717, 718, 719, 720, 721, 722, 725, 728, 730, 731, 732, 733, 734, 736, 737, 739, 740, 741, 742, 743, 745, 746, 748, 749, 750, 751, 752, 761, 762, 764, 765, 766, 767, 768, 772, 773, 775, 776, 777, 778, 779, 788, 789, 790, 791, 792, 793, 796, 797, 799, 800, 801, 802, 803, 804, 806, 807, 808, 809, 811, 812, 813, 814, 817, 818, 819, 820, 821, 822, 823, 825, 827, 828, 830, 831, 833, 834, 836, 837, 838, 841, 842, 843, 845, 853, 855, 858, 860, 863, 869, 870, 871, 872, 877, 883, 889, 894, 900, 902, 903, 908, 910, 913, 914, 915, 916, 918, 920, 922, 925, 926, 929, 930, 933, 934, 936, 937, 938, 939, 942, 943, 944, 945, 947, 949, 950, 953, 956, 959, 962, 963, 964, 967, 969, 984, 985, 986, 987, 988, 989, 990, 991, 992, 994, 996, 999, 1001, 1002, 1003, 1004, 1005, 1007, 1008, 1009, 1010, 1013, 1015, 1016, 1017, 1018, 1019, 1021, 1029, 1030, 1031, 1032, 1033, 1034, 1035, 1037, 1038, 1039, 1040, 1042, 1043, 1044, 1045, 1046, 1047, 1048, 1049, 1051, 1052, 1053, 1054, 1055, 1057, 1058, 1059, 1060, 1061], "excluded_lines": [1064, 1065]}}}, "src/somali_dialect_classifier/pipeline/__init__.py": {"executed_lines": [1], "summary": {"covered_lines": 0, "num_statements": 0, "percent_covered": 100.0, "percent_covered_display": "100", "missing_lines": 0, "excluded_lines": 0}, "missing_lines": [], "excluded_lines": [], "functions": {"": {"executed_lines": [1], "summary": {"covered_lines": 0, "num_statements": 0, "percent_covered": 100.0, "percent_covered_display": "100", "missing_lines": 0, "excluded_lines": 0}, "missing_lines": [], "excluded_lines": []}}, "classes": {"": {"executed_lines": [1], "summary": {"covered_lines": 0, "num_statements": 0, "percent_covered": 100.0, "percent_covered_display": "100", "missing_lines": 0, "excluded_lines": 0}, "missing_lines": [], "excluded_lines": []}}}, "src/somali_dialect_classifier/pipeline/filters/__init__.py": {"executed_lines": [1, 3, 12], "summary": {"covered_lines": 2, "num_statements": 2, "percent_covered": 100.0, "percent_covered_display": "100", "missing_lines": 0, "excluded_lines": 0}, "missing_lines": [], "excluded_lines": [], "functions": {"": {"executed_lines": [1, 3, 12], "summary": {"covered_lines": 2, "num_statements": 2, "percent_covered": 100.0, "percent_covered_display": "100", "missing_lines": 0, "excluded_lines": 0}, "missing_lines": [], "excluded_lines": []}}, "classes": {"": {"executed_lines": [1, 3, 12], "summary": {"covered_lines": 2, "num_statements": 2, "percent_covered": 100.0, "percent_covered_display": "100", "missing_lines": 0, "excluded_lines": 0}, "missing_lines": [], "excluded_lines": []}}}, "src/somali_dialect_classifier/pipeline/filters/catalog.py": {"executed_lines": [1, 20, 21, 24, 28, 108, 137, 158, 182, 204, 229, 249], "summary": {"covered_lines": 11, "num_statements": 39, "percent_covered": 28.205128205128204, "percent_covered_display": "28", "missing_lines": 28, "excluded_lines": 0}, "missing_lines": [126, 127, 130, 131, 134, 151, 152, 154, 155, 175, 176, 178, 179, 201, 225, 226, 241, 242, 243, 244, 245, 246, 269, 270, 271, 272, 276, 277], "excluded_lines": [], "functions": {"get_filter_label": {"executed_lines": [], "summary": {"covered_lines": 0, "num_statements": 5, "percent_covered": 0.0, "percent_covered_display": "0", "missing_lines": 5, "excluded_lines": 0}, "missing_lines": [126, 127, 130, 131, 134], "excluded_lines": []}, "get_filter_description": {"executed_lines": [], "summary": {"covered_lines": 0, "num_statements": 4, "percent_covered": 0.0, "percent_covered_display": "0", "missing_lines": 4, "excluded_lines": 0}, "missing_lines": [151, 152, 154, 155], "excluded_lines": []}, "get_filter_category": {"executed_lines": [], "summary": {"covered_lines": 0, "num_statements": 4, "percent_covered": 0.0, "percent_covered_display": "0", "missing_lines": 4, "excluded_lines": 0}, "missing_lines": [175, 176, 178, 179], "excluded_lines": []}, "export_for_javascript": {"executed_lines": [], "summary": {"covered_lines": 0, "num_statements": 1, "percent_covered": 0.0, "percent_covered_display": "0", "missing_lines": 1, "excluded_lines": 0}, "missing_lines": [201], "excluded_lines": []}, "sanitize_filter_key": {"executed_lines": [], "summary": {"covered_lines": 0, "num_statements": 2, "percent_covered": 0.0, "percent_covered_display": "0", "missing_lines": 2, "excluded_lines": 0}, "missing_lines": [225, 226], "excluded_lines": []}, "get_all_categories": {"executed_lines": [], "summary": {"covered_lines": 0, "num_statements": 6, "percent_covered": 0.0, "percent_covered_display": "0", "missing_lines": 6, "excluded_lines": 0}, "missing_lines": [241, 242, 243, 244, 245, 246], "excluded_lines": []}, "validate_filter_breakdown": {"executed_lines": [], "summary": {"covered_lines": 0, "num_statements": 6, "percent_covered": 0.0, "percent_covered_display": "0", "missing_lines": 6, "excluded_lines": 0}, "missing_lines": [269, 270, 271, 272, 276, 277], "excluded_lines": []}, "": {"executed_lines": [1, 20, 21, 24, 28, 108, 137, 158, 182, 204, 229, 249], "summary": {"covered_lines": 11, "num_statements": 11, "percent_covered": 100.0, "percent_covered_display": "100", "missing_lines": 0, "excluded_lines": 0}, "missing_lines": [], "excluded_lines": []}}, "classes": {"": {"executed_lines": [1, 20, 21, 24, 28, 108, 137, 158, 182, 204, 229, 249], "summary": {"covered_lines": 11, "num_statements": 39, "percent_covered": 28.205128205128204, "percent_covered_display": "28", "missing_lines": 28, "excluded_lines": 0}, "missing_lines": [126, 127, 130, 131, 134, 151, 152, 154, 155, 175, 176, 178, 179, 201, 225, 226, 241, 242, 243, 244, 245, 246, 269, 270, 271, 272, 276, 277], "excluded_lines": []}}}, "src/somali_dialect_classifier/preprocessing/__init__.py": {"executed_lines": [1, 2, 3, 9, 10, 11, 19, 21], "summary": {"covered_lines": 8, "num_statements": 8, "percent_covered": 100.0, "percent_covered_display": "100", "missing_lines": 0, "excluded_lines": 0}, "missing_lines": [], "excluded_lines": [], "functions": {"": {"executed_lines": [1, 2, 3, 9, 10, 11, 19, 21], "summary": {"covered_lines": 8, "num_statements": 8, "percent_covered": 100.0, "percent_covered_display": "100", "missing_lines": 0, "excluded_lines": 0}, "missing_lines": [], "excluded_lines": []}}, "classes": {"": {"executed_lines": [1, 2, 3, 9, 10, 11, 19, 21], "summary": {"covered_lines": 8, "num_statements": 8, "percent_covered": 100.0, "percent_covered_display": "100", "missing_lines": 0, "excluded_lines": 0}, "missing_lines": [], "excluded_lines": []}}}, "src/somali_dialect_classifier/preprocessing/apify_tiktok_client.py": {"executed_lines": [1, 10, 11, 12, 13, 14, 16, 17, 18, 21, 22, 33, 34, 36, 60, 74, 78, 126, 179, 203, 241, 288, 301], "summary": {"covered_lines": 21, "num_statements": 101, "percent_covered": 20.792079207920793, "percent_covered_display": "21", "missing_lines": 80, "excluded_lines": 0}, "missing_lines": [52, 53, 54, 55, 58, 62, 63, 69, 70, 71, 72, 76, 100, 108, 109, 112, 113, 116, 118, 119, 121, 122, 124, 144, 145, 147, 149, 150, 151, 153, 154, 156, 159, 160, 161, 162, 164, 165, 168, 169, 172, 173, 174, 177, 193, 194, 196, 199, 201, 216, 217, 219, 221, 222, 224, 225, 227, 228, 229, 231, 234, 235, 237, 239, 261, 263, 269, 271, 273, 286, 295, 296, 297, 299, 320, 321, 323, 324, 330, 332], "excluded_lines": [], "functions": {"ApifyTikTokClient.__init__": {"executed_lines": [], "summary": {"covered_lines": 0, "num_statements": 5, "percent_covered": 0.0, "percent_covered_display": "0", "missing_lines": 5, "excluded_lines": 0}, "missing_lines": [52, 53, 54, 55, 58], "excluded_lines": []}, "ApifyTikTokClient._create_session": {"executed_lines": [], "summary": {"covered_lines": 0, "num_statements": 6, "percent_covered": 0.0, "percent_covered_display": "0", "missing_lines": 6, "excluded_lines": 0}, "missing_lines": [62, 63, 69, 70, 71, 72], "excluded_lines": []}, "ApifyTikTokClient._get_headers": {"executed_lines": [], "summary": {"covered_lines": 0, "num_statements": 1, "percent_covered": 0.0, "percent_covered_display": "0", "missing_lines": 1, "excluded_lines": 0}, "missing_lines": [76], "excluded_lines": []}, "ApifyTikTokClient.start_actor_run": {"executed_lines": [], "summary": {"covered_lines": 0, "num_statements": 11, "percent_covered": 0.0, "percent_covered_display": "0", "missing_lines": 11, "excluded_lines": 0}, "missing_lines": [100, 108, 109, 112, 113, 116, 118, 119, 121, 122, 124], "excluded_lines": []}, "ApifyTikTokClient.wait_for_run_completion": {"executed_lines": [], "summary": {"covered_lines": 0, "num_statements": 21, "percent_covered": 0.0, "percent_covered_display": "0", "missing_lines": 21, "excluded_lines": 0}, "missing_lines": [144, 145, 147, 149, 150, 151, 153, 154, 156, 159, 160, 161, 162, 164, 165, 168, 169, 172, 173, 174, 177], "excluded_lines": []}, "ApifyTikTokClient.get_dataset_items": {"executed_lines": [], "summary": {"covered_lines": 0, "num_statements": 5, "percent_covered": 0.0, "percent_covered_display": "0", "missing_lines": 5, "excluded_lines": 0}, "missing_lines": [193, 194, 196, 199, 201], "excluded_lines": []}, "ApifyTikTokClient.iter_dataset_items": {"executed_lines": [], "summary": {"covered_lines": 0, "num_statements": 15, "percent_covered": 0.0, "percent_covered_display": "0", "missing_lines": 15, "excluded_lines": 0}, "missing_lines": [216, 217, 219, 221, 222, 224, 225, 227, 228, 229, 231, 234, 235, 237, 239], "excluded_lines": []}, "ApifyTikTokClient.scrape_comments": {"executed_lines": [], "summary": {"covered_lines": 0, "num_statements": 6, "percent_covered": 0.0, "percent_covered_display": "0", "missing_lines": 6, "excluded_lines": 0}, "missing_lines": [261, 263, 269, 271, 273, 286], "excluded_lines": []}, "ApifyTikTokClient.get_account_info": {"executed_lines": [], "summary": {"covered_lines": 0, "num_statements": 4, "percent_covered": 0.0, "percent_covered_display": "0", "missing_lines": 4, "excluded_lines": 0}, "missing_lines": [295, 296, 297, 299], "excluded_lines": []}, "ApifyTikTokClient.estimate_cost": {"executed_lines": [], "summary": {"covered_lines": 0, "num_statements": 6, "percent_covered": 0.0, "percent_covered_display": "0", "missing_lines": 6, "excluded_lines": 0}, "missing_lines": [320, 321, 323, 324, 330, 332], "excluded_lines": []}, "": {"executed_lines": [1, 10, 11, 12, 13, 14, 16, 17, 18, 21, 22, 33, 34, 36, 60, 74, 78, 126, 179, 203, 241, 288, 301], "summary": {"covered_lines": 21, "num_statements": 21, "percent_covered": 100.0, "percent_covered_display": "100", "missing_lines": 0, "excluded_lines": 0}, "missing_lines": [], "excluded_lines": []}}, "classes": {"ApifyTikTokClient": {"executed_lines": [], "summary": {"covered_lines": 0, "num_statements": 80, "percent_covered": 0.0, "percent_covered_display": "0", "missing_lines": 80, "excluded_lines": 0}, "missing_lines": [52, 53, 54, 55, 58, 62, 63, 69, 70, 71, 72, 76, 100, 108, 109, 112, 113, 116, 118, 119, 121, 122, 124, 144, 145, 147, 149, 150, 151, 153, 154, 156, 159, 160, 161, 162, 164, 165, 168, 169, 172, 173, 174, 177, 193, 194, 196, 199, 201, 216, 217, 219, 221, 222, 224, 225, 227, 228, 229, 231, 234, 235, 237, 239, 261, 263, 269, 271, 273, 286, 295, 296, 297, 299, 320, 321, 323, 324, 330, 332], "excluded_lines": []}, "": {"executed_lines": [1, 10, 11, 12, 13, 14, 16, 17, 18, 21, 22, 33, 34, 36, 60, 74, 78, 126, 179, 203, 241, 288, 301], "summary": {"covered_lines": 21, "num_statements": 21, "percent_covered": 100.0, "percent_covered_display": "100", "missing_lines": 0, "excluded_lines": 0}, "missing_lines": [], "excluded_lines": []}}}, "src/somali_dialect_classifier/preprocessing/base_pipeline.py": {"executed_lines": [1, 22, 23, 24, 25, 26, 27, 29, 30, 31, 32, 33, 34, 37, 38, 44, 60, 61, 62, 63, 66, 67, 90, 109, 111, 112, 113, 114, 116, 117, 118, 119, 122, 124, 127, 128, 129, 132, 135, 138, 142, 143, 149, 152, 155, 160, 161, 166, 167, 170, 171, 172, 174, 193, 195, 196, 220, 221, 238, 239, 248, 249, 258, 259, 268, 269, 278, 279, 288, 289, 298, 314, 315, 317, 319, 324, 328, 329, 330, 331, 333, 334, 335, 336, 338, 339, 341, 343, 344, 345, 348, 350, 353, 354, 356, 357, 358, 360, 378, 388, 392, 395, 398, 402, 407, 427, 428, 429, 432, 433, 434, 436, 451, 452, 455, 457, 458, 467, 471, 476, 477, 478, 479, 482, 483, 484, 485, 487, 490, 491, 497, 498, 502, 525, 527, 540, 553, 560, 561, 567, 594, 615], "summary": {"covered_lines": 139, "num_statements": 207, "percent_covered": 67.14975845410628, "percent_covered_display": "67", "missing_lines": 68, "excluded_lines": 0}, "missing_lines": [139, 218, 236, 246, 256, 266, 276, 286, 296, 320, 321, 322, 325, 326, 349, 362, 363, 364, 365, 368, 369, 372, 375, 380, 382, 386, 389, 438, 441, 442, 445, 446, 449, 468, 472, 473, 504, 505, 506, 509, 511, 512, 513, 514, 517, 519, 520, 521, 522, 529, 530, 531, 537, 538, 551, 562, 565, 573, 574, 576, 577, 580, 587, 588, 589, 590, 591, 592], "excluded_lines": [], "functions": {"RawRecord.__init__": {"executed_lines": [60, 61, 62, 63], "summary": {"covered_lines": 4, "num_statements": 4, "percent_covered": 100.0, "percent_covered_display": "100", "missing_lines": 0, "excluded_lines": 0}, "missing_lines": [], "excluded_lines": []}, "BasePipeline.__init__": {"executed_lines": [109, 111, 112, 113, 114, 116, 117, 118, 119, 122, 124, 127, 128, 129, 132, 135, 138, 142, 143, 149, 152, 155, 160, 161, 166, 167, 170, 171, 172], "summary": {"covered_lines": 29, "num_statements": 30, "percent_covered": 96.66666666666667, "percent_covered_display": "97", "missing_lines": 1, "excluded_lines": 0}, "missing_lines": [139], "excluded_lines": []}, "BasePipeline._register_filters": {"executed_lines": [193], "summary": {"covered_lines": 1, "num_statements": 1, "percent_covered": 100.0, "percent_covered_display": "100", "missing_lines": 0, "excluded_lines": 0}, "missing_lines": [], "excluded_lines": []}, "BasePipeline._extract_records": {"executed_lines": [], "summary": {"covered_lines": 0, "num_statements": 1, "percent_covered": 0.0, "percent_covered_display": "0", "missing_lines": 1, "excluded_lines": 0}, "missing_lines": [218], "excluded_lines": []}, "BasePipeline._create_cleaner": {"executed_lines": [], "summary": {"covered_lines": 0, "num_statements": 1, "percent_covered": 0.0, "percent_covered_display": "0", "missing_lines": 1, "excluded_lines": 0}, "missing_lines": [236], "excluded_lines": []}, "BasePipeline._get_source_type": {"executed_lines": [], "summary": {"covered_lines": 0, "num_statements": 1, "percent_covered": 0.0, "percent_covered_display": "0", "missing_lines": 1, "excluded_lines": 0}, "missing_lines": [246], "excluded_lines": []}, "BasePipeline._get_license": {"executed_lines": [], "summary": {"covered_lines": 0, "num_statements": 1, "percent_covered": 0.0, "percent_covered_display": "0", "missing_lines": 1, "excluded_lines": 0}, "missing_lines": [256], "excluded_lines": []}, "BasePipeline._get_language": {"executed_lines": [], "summary": {"covered_lines": 0, "num_statements": 1, "percent_covered": 0.0, "percent_covered_display": "0", "missing_lines": 1, "excluded_lines": 0}, "missing_lines": [266], "excluded_lines": []}, "BasePipeline._get_source_metadata": {"executed_lines": [], "summary": {"covered_lines": 0, "num_statements": 1, "percent_covered": 0.0, "percent_covered_display": "0", "missing_lines": 1, "excluded_lines": 0}, "missing_lines": [276], "excluded_lines": []}, "BasePipeline._get_domain": {"executed_lines": [], "summary": {"covered_lines": 0, "num_statements": 1, "percent_covered": 0.0, "percent_covered_display": "0", "missing_lines": 1, "excluded_lines": 0}, "missing_lines": [286], "excluded_lines": []}, "BasePipeline._get_register": {"executed_lines": [], "summary": {"covered_lines": 0, "num_statements": 1, "percent_covered": 0.0, "percent_covered_display": "0", "missing_lines": 1, "excluded_lines": 0}, "missing_lines": [296], "excluded_lines": []}, "BasePipeline.process": {"executed_lines": [314, 315, 317, 319, 324, 328, 329, 330, 331, 333, 334, 335, 336, 338, 339, 341, 343, 344, 345, 348, 350, 353, 354, 356, 357, 358, 360, 378, 388, 392, 395, 398, 402, 407, 427, 428, 429, 432, 433, 434, 436, 451, 452, 455, 457, 458, 467, 471, 476, 477, 478, 479, 482, 483, 484, 485, 487, 490, 491, 497, 498, 502, 525], "summary": {"covered_lines": 63, "num_statements": 103, "percent_covered": 61.16504854368932, "percent_covered_display": "61", "missing_lines": 40, "excluded_lines": 0}, "missing_lines": [320, 321, 322, 325, 326, 349, 362, 363, 364, 365, 368, 369, 372, 375, 380, 382, 386, 389, 438, 441, 442, 445, 446, 449, 468, 472, 473, 504, 505, 506, 509, 511, 512, 513, 514, 517, 519, 520, 521, 522], "excluded_lines": []}, "BasePipeline._write_batch": {"executed_lines": [], "summary": {"covered_lines": 0, "num_statements": 5, "percent_covered": 0.0, "percent_covered_display": "0", "missing_lines": 5, "excluded_lines": 0}, "missing_lines": [529, 530, 531, 537, 538], "excluded_lines": []}, "BasePipeline.save": {"executed_lines": [], "summary": {"covered_lines": 0, "num_statements": 1, "percent_covered": 0.0, "percent_covered_display": "0", "missing_lines": 1, "excluded_lines": 0}, "missing_lines": [551], "excluded_lines": []}, "BasePipeline.run": {"executed_lines": [560, 561], "summary": {"covered_lines": 2, "num_statements": 4, "percent_covered": 50.0, "percent_covered_display": "50", "missing_lines": 2, "excluded_lines": 0}, "missing_lines": [562, 565], "excluded_lines": []}, "BasePipeline._cleanup_old_raw_files": {"executed_lines": [], "summary": {"covered_lines": 0, "num_statements": 11, "percent_covered": 0.0, "percent_covered_display": "0", "missing_lines": 11, "excluded_lines": 0}, "missing_lines": [573, 574, 576, 577, 580, 587, 588, 589, 590, 591, 592], "excluded_lines": []}, "BasePipeline._compute_file_checksum": {"executed_lines": [615], "summary": {"covered_lines": 1, "num_statements": 1, "percent_covered": 100.0, "percent_covered_display": "100", "missing_lines": 0, "excluded_lines": 0}, "missing_lines": [], "excluded_lines": []}, "": {"executed_lines": [1, 22, 23, 24, 25, 26, 27, 29, 30, 31, 32, 33, 34, 37, 38, 44, 66, 67, 90, 174, 195, 196, 220, 221, 238, 239, 248, 249, 258, 259, 268, 269, 278, 279, 288, 289, 298, 527, 540, 553, 567, 594], "summary": {"covered_lines": 39, "num_statements": 39, "percent_covered": 100.0, "percent_covered_display": "100", "missing_lines": 0, "excluded_lines": 0}, "missing_lines": [], "excluded_lines": []}}, "classes": {"RawRecord": {"executed_lines": [60, 61, 62, 63], "summary": {"covered_lines": 4, "num_statements": 4, "percent_covered": 100.0, "percent_covered_display": "100", "missing_lines": 0, "excluded_lines": 0}, "missing_lines": [], "excluded_lines": []}, "BasePipeline": {"executed_lines": [109, 111, 112, 113, 114, 116, 117, 118, 119, 122, 124, 127, 128, 129, 132, 135, 138, 142, 143, 149, 152, 155, 160, 161, 166, 167, 170, 171, 172, 193, 314, 315, 317, 319, 324, 328, 329, 330, 331, 333, 334, 335, 336, 338, 339, 341, 343, 344, 345, 348, 350, 353, 354, 356, 357, 358, 360, 378, 388, 392, 395, 398, 402, 407, 427, 428, 429, 432, 433, 434, 436, 451, 452, 455, 457, 458, 467, 471, 476, 477, 478, 479, 482, 483, 484, 485, 487, 490, 491, 497, 498, 502, 525, 560, 561, 615], "summary": {"covered_lines": 96, "num_statements": 164, "percent_covered": 58.53658536585366, "percent_covered_display": "59", "missing_lines": 68, "excluded_lines": 0}, "missing_lines": [139, 218, 236, 246, 256, 266, 276, 286, 296, 320, 321, 322, 325, 326, 349, 362, 363, 364, 365, 368, 369, 372, 375, 380, 382, 386, 389, 438, 441, 442, 445, 446, 449, 468, 472, 473, 504, 505, 506, 509, 511, 512, 513, 514, 517, 519, 520, 521, 522, 529, 530, 531, 537, 538, 551, 562, 565, 573, 574, 576, 577, 580, 587, 588, 589, 590, 591, 592], "excluded_lines": []}, "": {"executed_lines": [1, 22, 23, 24, 25, 26, 27, 29, 30, 31, 32, 33, 34, 37, 38, 44, 66, 67, 90, 174, 195, 196, 220, 221, 238, 239, 248, 249, 258, 259, 268, 269, 278, 279, 288, 289, 298, 527, 540, 553, 567, 594], "summary": {"covered_lines": 39, "num_statements": 39, "percent_covered": 100.0, "percent_covered_display": "100", "missing_lines": 0, "excluded_lines": 0}, "missing_lines": [], "excluded_lines": []}}}, "src/somali_dialect_classifier/preprocessing/bbc_somali_processor.py": {"executed_lines": [1, 11, 12, 13, 14, 15, 16, 17, 18, 20, 21, 22, 23, 24, 25, 26, 28, 29, 30, 31, 32, 33, 34, 35, 38, 39, 46, 58, 59, 62, 65, 66, 67, 70, 76, 77, 82, 83, 86, 87, 96, 100, 101, 102, 104, 106, 109, 113, 119, 125, 135, 137, 139, 141, 143, 145, 147, 149, 151, 153, 158, 160, 162, 172, 174, 181, 182, 183, 184, 186, 188, 190, 192, 193, 194, 218, 221, 223, 234, 236, 328, 552, 560, 561, 562, 565, 566, 580, 625, 635, 636, 639, 640, 641, 655, 657, 676, 686, 687, 689, 690, 691, 693, 701, 705, 748, 783, 817, 835, 837, 838, 840, 843, 848, 851, 852, 854, 857, 858, 862, 864, 870, 871, 876, 877, 882, 883, 886, 887, 892, 893, 897, 907, 917, 919, 920, 925, 927, 929, 933, 935, 936, 942, 943, 944, 945], "summary": {"covered_lines": 144, "num_statements": 416, "percent_covered": 34.61538461538461, "percent_covered_display": "35", "missing_lines": 272, "excluded_lines": 0}, "missing_lines": [196, 198, 199, 202, 203, 204, 205, 206, 209, 210, 211, 212, 214, 215, 216, 243, 246, 249, 254, 256, 257, 259, 262, 263, 266, 268, 274, 277, 278, 281, 282, 283, 285, 286, 288, 291, 292, 293, 296, 299, 300, 314, 315, 319, 322, 323, 324, 326, 335, 336, 338, 340, 341, 342, 343, 345, 346, 347, 350, 351, 352, 355, 358, 359, 363, 364, 365, 366, 368, 369, 370, 371, 374, 376, 377, 379, 380, 383, 384, 385, 386, 389, 390, 392, 394, 396, 400, 401, 405, 407, 408, 409, 410, 411, 412, 415, 416, 419, 425, 426, 427, 430, 431, 435, 439, 440, 443, 444, 445, 448, 449, 450, 451, 453, 455, 456, 460, 461, 462, 463, 464, 467, 468, 471, 473, 474, 476, 478, 479, 480, 481, 482, 483, 484, 487, 491, 492, 493, 494, 495, 496, 498, 500, 504, 505, 506, 507, 508, 509, 512, 515, 516, 525, 527, 528, 529, 532, 533, 534, 535, 538, 539, 540, 543, 544, 545, 547, 548, 550, 563, 587, 589, 590, 592, 593, 594, 597, 598, 600, 601, 602, 603, 605, 606, 610, 611, 613, 615, 617, 618, 620, 643, 646, 647, 649, 652, 653, 667, 668, 669, 671, 672, 673, 674, 694, 696, 697, 699, 702, 703, 718, 719, 721, 722, 724, 726, 727, 728, 729, 731, 732, 735, 736, 738, 739, 741, 743, 744, 746, 758, 759, 761, 762, 763, 765, 768, 769, 771, 773, 774, 776, 778, 779, 781, 790, 792, 793, 794, 797, 800, 801, 802, 805, 808, 810, 811, 812, 815, 844, 845, 846, 866, 867, 872, 873, 878, 879, 908, 922, 923, 930, 931], "excluded_lines": [], "functions": {"BBCSomaliProcessor.__init__": {"executed_lines": [58, 59, 62, 65, 66, 67, 70, 76, 77, 82, 83, 86, 87, 96, 100, 101, 102], "summary": {"covered_lines": 17, "num_statements": 17, "percent_covered": 100.0, "percent_covered_display": "100", "missing_lines": 0, "excluded_lines": 0}, "missing_lines": [], "excluded_lines": []}, "BBCSomaliProcessor._register_filters": {"executed_lines": [106, 109, 113, 119, 125], "summary": {"covered_lines": 5, "num_statements": 5, "percent_covered": 100.0, "percent_covered_display": "100", "missing_lines": 0, "excluded_lines": 0}, "missing_lines": [], "excluded_lines": []}, "BBCSomaliProcessor._create_cleaner": {"executed_lines": [137], "summary": {"covered_lines": 1, "num_statements": 1, "percent_covered": 100.0, "percent_covered_display": "100", "missing_lines": 0, "excluded_lines": 0}, "missing_lines": [], "excluded_lines": []}, "BBCSomaliProcessor._get_source_type": {"executed_lines": [141], "summary": {"covered_lines": 1, "num_statements": 1, "percent_covered": 100.0, "percent_covered_display": "100", "missing_lines": 0, "excluded_lines": 0}, "missing_lines": [], "excluded_lines": []}, "BBCSomaliProcessor._get_license": {"executed_lines": [145], "summary": {"covered_lines": 1, "num_statements": 1, "percent_covered": 100.0, "percent_covered_display": "100", "missing_lines": 0, "excluded_lines": 0}, "missing_lines": [], "excluded_lines": []}, "BBCSomaliProcessor._get_language": {"executed_lines": [149], "summary": {"covered_lines": 1, "num_statements": 1, "percent_covered": 100.0, "percent_covered_display": "100", "missing_lines": 0, "excluded_lines": 0}, "missing_lines": [], "excluded_lines": []}, "BBCSomaliProcessor._get_source_metadata": {"executed_lines": [153], "summary": {"covered_lines": 1, "num_statements": 1, "percent_covered": 100.0, "percent_covered_display": "100", "missing_lines": 0, "excluded_lines": 0}, "missing_lines": [], "excluded_lines": []}, "BBCSomaliProcessor._get_domain": {"executed_lines": [160], "summary": {"covered_lines": 1, "num_statements": 1, "percent_covered": 100.0, "percent_covered_display": "100", "missing_lines": 0, "excluded_lines": 0}, "missing_lines": [], "excluded_lines": []}, "BBCSomaliProcessor._get_register": {"executed_lines": [172], "summary": {"covered_lines": 1, "num_statements": 1, "percent_covered": 100.0, "percent_covered_display": "100", "missing_lines": 0, "excluded_lines": 0}, "missing_lines": [], "excluded_lines": []}, "BBCSomaliProcessor._scrape_rss_feeds": {"executed_lines": [181, 182, 183, 184, 186, 188, 190, 192, 193, 194, 218, 221], "summary": {"covered_lines": 12, "num_statements": 27, "percent_covered": 44.44444444444444, "percent_covered_display": "44", "missing_lines": 15, "excluded_lines": 0}, "missing_lines": [196, 198, 199, 202, 203, 204, 205, 206, 209, 210, 211, 212, 214, 215, 216], "excluded_lines": []}, "BBCSomaliProcessor._compute_text_hash": {"executed_lines": [234], "summary": {"covered_lines": 1, "num_statements": 1, "percent_covered": 100.0, "percent_covered_display": "100", "missing_lines": 0, "excluded_lines": 0}, "missing_lines": [], "excluded_lines": []}, "BBCSomaliProcessor.download": {"executed_lines": [], "summary": {"covered_lines": 0, "num_statements": 33, "percent_covered": 0.0, "percent_covered_display": "0", "missing_lines": 33, "excluded_lines": 0}, "missing_lines": [243, 246, 249, 254, 256, 257, 259, 262, 263, 266, 268, 274, 277, 278, 281, 282, 283, 285, 286, 288, 291, 292, 293, 296, 299, 300, 314, 315, 319, 322, 323, 324, 326], "excluded_lines": []}, "BBCSomaliProcessor.extract": {"executed_lines": [], "summary": {"covered_lines": 0, "num_statements": 121, "percent_covered": 0.0, "percent_covered_display": "0", "missing_lines": 121, "excluded_lines": 0}, "missing_lines": [335, 336, 338, 340, 341, 342, 343, 345, 346, 347, 350, 351, 352, 355, 358, 359, 363, 364, 365, 366, 368, 369, 370, 371, 374, 376, 377, 379, 380, 383, 384, 385, 386, 389, 390, 392, 394, 396, 400, 401, 405, 407, 408, 409, 410, 411, 412, 415, 416, 419, 425, 426, 427, 430, 431, 435, 439, 440, 443, 444, 445, 448, 449, 450, 451, 453, 455, 456, 460, 461, 462, 463, 464, 467, 468, 471, 473, 474, 476, 478, 479, 480, 481, 482, 483, 484, 487, 491, 492, 493, 494, 495, 496, 498, 500, 504, 505, 506, 507, 508, 509, 512, 515, 516, 525, 527, 528, 529, 532, 533, 534, 535, 538, 539, 540, 543, 544, 545, 547, 548, 550], "excluded_lines": []}, "BBCSomaliProcessor._extract_records": {"executed_lines": [560, 561, 562, 565, 566], "summary": {"covered_lines": 5, "num_statements": 6, "percent_covered": 83.33333333333333, "percent_covered_display": "83", "missing_lines": 1, "excluded_lines": 0}, "missing_lines": [563], "excluded_lines": []}, "BBCSomaliProcessor._check_robots_txt": {"executed_lines": [], "summary": {"covered_lines": 0, "num_statements": 21, "percent_covered": 0.0, "percent_covered_display": "0", "missing_lines": 21, "excluded_lines": 0}, "missing_lines": [587, 589, 590, 592, 593, 594, 597, 598, 600, 601, 602, 603, 605, 606, 610, 611, 613, 615, 617, 618, 620], "excluded_lines": []}, "BBCSomaliProcessor._discover_topic_sections": {"executed_lines": [635, 636, 639, 640, 641, 655], "summary": {"covered_lines": 6, "num_statements": 12, "percent_covered": 50.0, "percent_covered_display": "50", "missing_lines": 6, "excluded_lines": 0}, "missing_lines": [643, 646, 647, 649, 652, 653], "excluded_lines": []}, "BBCSomaliProcessor._extract_article_links_from_soup": {"executed_lines": [], "summary": {"covered_lines": 0, "num_statements": 7, "percent_covered": 0.0, "percent_covered_display": "0", "missing_lines": 7, "excluded_lines": 0}, "missing_lines": [667, 668, 669, 671, 672, 673, 674], "excluded_lines": []}, "BBCSomaliProcessor._scrape_homepage": {"executed_lines": [686, 687, 689, 690, 691, 693, 701], "summary": {"covered_lines": 7, "num_statements": 13, "percent_covered": 53.84615384615385, "percent_covered_display": "54", "missing_lines": 6, "excluded_lines": 0}, "missing_lines": [694, 696, 697, 699, 702, 703], "excluded_lines": []}, "BBCSomaliProcessor._scrape_topic_sections": {"executed_lines": [], "summary": {"covered_lines": 0, "num_statements": 19, "percent_covered": 0.0, "percent_covered_display": "0", "missing_lines": 19, "excluded_lines": 0}, "missing_lines": [718, 719, 721, 722, 724, 726, 727, 728, 729, 731, 732, 735, 736, 738, 739, 741, 743, 744, 746], "excluded_lines": []}, "BBCSomaliProcessor._scrape_sitemap": {"executed_lines": [], "summary": {"covered_lines": 0, "num_statements": 15, "percent_covered": 0.0, "percent_covered_display": "0", "missing_lines": 15, "excluded_lines": 0}, "missing_lines": [758, 759, 761, 762, 763, 765, 768, 769, 771, 773, 774, 776, 778, 779, 781], "excluded_lines": []}, "BBCSomaliProcessor._get_article_links": {"executed_lines": [], "summary": {"covered_lines": 0, "num_statements": 14, "percent_covered": 0.0, "percent_covered_display": "0", "missing_lines": 14, "excluded_lines": 0}, "missing_lines": [790, 792, 793, 794, 797, 800, 801, 802, 805, 808, 810, 811, 812, 815], "excluded_lines": []}, "BBCSomaliProcessor._scrape_article": {"executed_lines": [835, 837, 838, 840, 843, 848, 851, 852, 854, 857, 858, 862, 864, 870, 871, 876, 877, 882, 883, 886, 887, 892, 893, 897, 907, 917, 919, 920, 925, 927, 929], "summary": {"covered_lines": 31, "num_statements": 45, "percent_covered": 68.88888888888889, "percent_covered_display": "69", "missing_lines": 14, "excluded_lines": 0}, "missing_lines": [844, 845, 846, 866, 867, 872, 873, 878, 879, 908, 922, 923, 930, 931], "excluded_lines": []}, "BBCSomaliProcessor._get_http_session": {"executed_lines": [935, 936, 942, 943, 944, 945], "summary": {"covered_lines": 6, "num_statements": 6, "percent_covered": 100.0, "percent_covered_display": "100", "missing_lines": 0, "excluded_lines": 0}, "missing_lines": [], "excluded_lines": []}, "": {"executed_lines": [1, 11, 12, 13, 14, 15, 16, 17, 18, 20, 21, 22, 23, 24, 25, 26, 28, 29, 30, 31, 32, 33, 34, 35, 38, 39, 46, 104, 135, 139, 143, 147, 151, 158, 162, 174, 223, 236, 328, 552, 580, 625, 657, 676, 705, 748, 783, 817, 933], "summary": {"covered_lines": 47, "num_statements": 47, "percent_covered": 100.0, "percent_covered_display": "100", "missing_lines": 0, "excluded_lines": 0}, "missing_lines": [], "excluded_lines": []}}, "classes": {"BBCSomaliProcessor": {"executed_lines": [58, 59, 62, 65, 66, 67, 70, 76, 77, 82, 83, 86, 87, 96, 100, 101, 102, 106, 109, 113, 119, 125, 137, 141, 145, 149, 153, 160, 172, 181, 182, 183, 184, 186, 188, 190, 192, 193, 194, 218, 221, 234, 560, 561, 562, 565, 566, 635, 636, 639, 640, 641, 655, 686, 687, 689, 690, 691, 693, 701, 835, 837, 838, 840, 843, 848, 851, 852, 854, 857, 858, 862, 864, 870, 871, 876, 877, 882, 883, 886, 887, 892, 893, 897, 907, 917, 919, 920, 925, 927, 929, 935, 936, 942, 943, 944, 945], "summary": {"covered_lines": 97, "num_statements": 369, "percent_covered": 26.287262872628727, "percent_covered_display": "26", "missing_lines": 272, "excluded_lines": 0}, "missing_lines": [196, 198, 199, 202, 203, 204, 205, 206, 209, 210, 211, 212, 214, 215, 216, 243, 246, 249, 254, 256, 257, 259, 262, 263, 266, 268, 274, 277, 278, 281, 282, 283, 285, 286, 288, 291, 292, 293, 296, 299, 300, 314, 315, 319, 322, 323, 324, 326, 335, 336, 338, 340, 341, 342, 343, 345, 346, 347, 350, 351, 352, 355, 358, 359, 363, 364, 365, 366, 368, 369, 370, 371, 374, 376, 377, 379, 380, 383, 384, 385, 386, 389, 390, 392, 394, 396, 400, 401, 405, 407, 408, 409, 410, 411, 412, 415, 416, 419, 425, 426, 427, 430, 431, 435, 439, 440, 443, 444, 445, 448, 449, 450, 451, 453, 455, 456, 460, 461, 462, 463, 464, 467, 468, 471, 473, 474, 476, 478, 479, 480, 481, 482, 483, 484, 487, 491, 492, 493, 494, 495, 496, 498, 500, 504, 505, 506, 507, 508, 509, 512, 515, 516, 525, 527, 528, 529, 532, 533, 534, 535, 538, 539, 540, 543, 544, 545, 547, 548, 550, 563, 587, 589, 590, 592, 593, 594, 597, 598, 600, 601, 602, 603, 605, 606, 610, 611, 613, 615, 617, 618, 620, 643, 646, 647, 649, 652, 653, 667, 668, 669, 671, 672, 673, 674, 694, 696, 697, 699, 702, 703, 718, 719, 721, 722, 724, 726, 727, 728, 729, 731, 732, 735, 736, 738, 739, 741, 743, 744, 746, 758, 759, 761, 762, 763, 765, 768, 769, 771, 773, 774, 776, 778, 779, 781, 790, 792, 793, 794, 797, 800, 801, 802, 805, 808, 810, 811, 812, 815, 844, 845, 846, 866, 867, 872, 873, 878, 879, 908, 922, 923, 930, 931], "excluded_lines": []}, "": {"executed_lines": [1, 11, 12, 13, 14, 15, 16, 17, 18, 20, 21, 22, 23, 24, 25, 26, 28, 29, 30, 31, 32, 33, 34, 35, 38, 39, 46, 104, 135, 139, 143, 147, 151, 158, 162, 174, 223, 236, 328, 552, 580, 625, 657, 676, 705, 748, 783, 817, 933], "summary": {"covered_lines": 47, "num_statements": 47, "percent_covered": 100.0, "percent_covered_display": "100", "missing_lines": 0, "excluded_lines": 0}, "missing_lines": [], "excluded_lines": []}}}, "src/somali_dialect_classifier/preprocessing/crawl_ledger.py": {"executed_lines": [1, 17, 18, 19, 20, 21, 22, 23, 24, 25, 26, 27, 28, 30, 32, 35, 36, 38, 39, 40, 41, 42, 43, 46, 47, 59, 66, 67, 68, 70, 81, 82, 83, 85, 99, 101, 102, 103, 104, 105, 106, 107, 108, 109, 114, 116, 117, 118, 119, 120, 121, 123, 133, 134, 135, 138, 139, 14
[...]
percent_covered": 100.0, "percent_covered_display": "100", "missing_lines": 0, "excluded_lines": 0}, "missing_lines": [], "excluded_lines": []}, "LayeredMetrics": {"executed_lines": [], "summary": {"covered_lines": 0, "num_statements": 0, "percent_covered": 100.0, "percent_covered_display": "100", "missing_lines": 0, "excluded_lines": 0}, "missing_lines": [], "excluded_lines": []}, "FetchDurationStats": {"executed_lines": [], "summary": {"covered_lines": 0, "num_statements": 0, "percent_covered": 100.0, "percent_covered_display": "100", "missing_lines": 0, "excluded_lines": 0}, "missing_lines": [], "excluded_lines": []}, "TextLengthStats": {"executed_lines": [], "summary": {"covered_lines": 0, "num_statements": 0, "percent_covered": 100.0, "percent_covered_display": "100", "missing_lines": 0, "excluded_lines": 0}, "missing_lines": [], "excluded_lines": []}, "ThroughputMetrics": {"executed_lines": [], "summary": {"covered_lines": 0, "num_statements": 0, "percent_covered": 100.0, "percent_covered_display": "100", "missing_lines": 0, "excluded_lines": 0}, "missing_lines": [], "excluded_lines": []}, "Statistics": {"executed_lines": [], "summary": {"covered_lines": 0, "num_statements": 0, "percent_covered": 100.0, "percent_covered_display": "100", "missing_lines": 0, "excluded_lines": 0}, "missing_lines": [], "excluded_lines": []}, "Snapshot": {"executed_lines": [], "summary": {"covered_lines": 0, "num_statements": 0, "percent_covered": 100.0, "percent_covered_display": "100", "missing_lines": 0, "excluded_lines": 0}, "missing_lines": [], "excluded_lines": []}, "LegacyMetrics": {"executed_lines": [], "summary": {"covered_lines": 0, "num_statements": 0, "percent_covered": 100.0, "percent_covered_display": "100", "missing_lines": 0, "excluded_lines": 0}, "missing_lines": [], "excluded_lines": []}, "Phase3MetricsSchema": {"executed_lines": [264, 265, 268], "summary": {"covered_lines": 3, "num_statements": 5, "percent_covered": 60.0, "percent_covered_display": "60", "missing_lines": 2, "excluded_lines": 0}, "missing_lines": [266, 267], "excluded_lines": []}, "ConsolidatedMetric": {"executed_lines": [], "summary": {"covered_lines": 0, "num_statements": 0, "percent_covered": 100.0, "percent_covered_display": "100", "missing_lines": 0, "excluded_lines": 0}, "missing_lines": [], "excluded_lines": []}, "ConsolidatedMetricsOutput": {"executed_lines": [], "summary": {"covered_lines": 0, "num_statements": 0, "percent_covered": 100.0, "percent_covered_display": "100", "missing_lines": 0, "excluded_lines": 0}, "missing_lines": [], "excluded_lines": []}, "DashboardSummary": {"executed_lines": [], "summary": {"covered_lines": 0, "num_statements": 0, "percent_covered": 100.0, "percent_covered_display": "100", "missing_lines": 0, "excluded_lines": 0}, "missing_lines": [], "excluded_lines": []}, "AdvancedVisualizationData": {"executed_lines": [], "summary": {"covered_lines": 0, "num_statements": 0, "percent_covered": 100.0, "percent_covered_display": "100", "missing_lines": 0, "excluded_lines": 0}, "missing_lines": [], "excluded_lines": []}, "EnhancedDashboardMetadata": {"executed_lines": [], "summary": {"covered_lines": 0, "num_statements": 0, "percent_covered": 100.0, "percent_covered_display": "100", "missing_lines": 0, "excluded_lines": 0}, "missing_lines": [], "excluded_lines": []}, "": {"executed_lines": [1, 11, 12, 13, 14, 16, 19, 20, 22, 23, 24, 25, 27, 30, 31, 41, 42, 43, 44, 45, 48, 49, 52, 53, 55, 57, 58, 59, 68, 69, 71, 72, 73, 75, 77, 78, 79, 97, 98, 100, 101, 102, 104, 107, 108, 110, 111, 112, 113, 115, 118, 119, 121, 122, 123, 124, 125, 126, 128, 131, 132, 134, 135, 136, 137, 138, 140, 143, 144, 146, 147, 148, 150, 153, 154, 157, 158, 159, 162, 163, 166, 167, 168, 169, 170, 173, 174, 177, 178, 180, 183, 184, 186, 187, 188, 189, 190, 193, 194, 195, 196, 197, 198, 201, 202, 203, 204, 205, 206, 207, 210, 211, 212, 215, 216, 217, 220, 221, 222, 225, 226, 227, 229, 232, 233, 235, 236, 238, 241, 242, 248, 249, 250, 251, 252, 253, 255, 256, 258, 260, 261, 262, 271, 272, 278, 279, 280, 281, 284, 285, 286, 289, 290, 291, 294, 295, 296, 297, 300, 301, 302, 305, 306, 307, 309, 312, 313, 315, 316, 317, 318, 320, 323, 324, 326, 327, 328, 329, 330, 331, 332, 333, 335, 338, 339, 342, 343, 346, 347, 350, 351, 354, 355, 357, 360, 361, 363, 364, 365, 366, 367, 370, 371, 373, 376, 395, 398, 414], "summary": {"covered_lines": 190, "num_statements": 192, "percent_covered": 98.95833333333333, "percent_covered_display": "99", "missing_lines": 2, "excluded_lines": 0}, "missing_lines": [411, 427], "excluded_lines": []}}}, "src/somali_dialect_classifier/utils/rate_limiter.py": {"executed_lines": [1, 11, 12, 13, 14, 15, 16, 17, 18, 20, 23, 24, 25, 28, 29, 32, 33, 36, 37, 40, 41, 42, 45, 46, 49, 50, 61, 68, 71, 72, 75, 78, 79, 80, 83, 86, 88, 90, 92, 93, 103, 116, 135, 162, 179, 211, 229, 258, 296, 303, 323, 324, 326, 337, 344, 356, 362], "summary": {"covered_lines": 52, "num_statements": 144, "percent_covered": 36.111111111111114, "percent_covered_display": "36", "missing_lines": 92, "excluded_lines": 10}, "missing_lines": [94, 96, 97, 100, 101, 105, 106, 108, 109, 112, 114, 123, 124, 126, 127, 129, 130, 131, 133, 142, 143, 146, 149, 151, 154, 157, 158, 160, 172, 173, 176, 177, 190, 191, 194, 195, 198, 201, 202, 204, 205, 206, 207, 209, 219, 222, 224, 237, 240, 246, 247, 248, 251, 253, 266, 268, 269, 271, 272, 274, 275, 277, 278, 279, 280, 283, 284, 290, 293, 294, 298, 299, 300, 301, 305, 312, 313, 314, 315, 317, 333, 334, 335, 340, 341, 342, 346, 347, 349, 351, 354, 358], "excluded_lines": [362, 364, 374, 377, 378, 380, 383, 384, 386, 387], "functions": {"AdaptiveRateLimiter.__init__": {"executed_lines": [68, 71, 72, 75, 78, 79, 80, 83, 86], "summary": {"covered_lines": 9, "num_statements": 9, "percent_covered": 100.0, "percent_covered_display": "100", "missing_lines": 0, "excluded_lines": 0}, "missing_lines": [], "excluded_lines": []}, "AdaptiveRateLimiter._calculate_refill_rate": {"executed_lines": [90, 92, 93], "summary": {"covered_lines": 3, "num_statements": 8, "percent_covered": 37.5, "percent_covered_display": "38", "missing_lines": 5, "excluded_lines": 0}, "missing_lines": [94, 96, 97, 100, 101], "excluded_lines": []}, "AdaptiveRateLimiter._refill_tokens": {"executed_lines": [], "summary": {"covered_lines": 0, "num_statements": 6, "percent_covered": 0.0, "percent_covered_display": "0", "missing_lines": 6, "excluded_lines": 0}, "missing_lines": [105, 106, 108, 109, 112, 114], "excluded_lines": []}, "AdaptiveRateLimiter._consume_token": {"executed_lines": [], "summary": {"covered_lines": 0, "num_statements": 8, "percent_covered": 0.0, "percent_covered_display": "0", "missing_lines": 8, "excluded_lines": 0}, "missing_lines": [123, 124, 126, 127, 129, 130, 131, 133], "excluded_lines": []}, "AdaptiveRateLimiter._calculate_adaptive_delay": {"executed_lines": [], "summary": {"covered_lines": 0, "num_statements": 9, "percent_covered": 0.0, "percent_covered_display": "0", "missing_lines": 9, "excluded_lines": 0}, "missing_lines": [142, 143, 146, 149, 151, 154, 157, 158, 160], "excluded_lines": []}, "AdaptiveRateLimiter._add_jitter": {"executed_lines": [], "summary": {"covered_lines": 0, "num_statements": 4, "percent_covered": 0.0, "percent_covered_display": "0", "missing_lines": 4, "excluded_lines": 0}, "missing_lines": [172, 173, 176, 177], "excluded_lines": []}, "AdaptiveRateLimiter.wait": {"executed_lines": [], "summary": {"covered_lines": 0, "num_statements": 12, "percent_covered": 0.0, "percent_covered_display": "0", "missing_lines": 12, "excluded_lines": 0}, "missing_lines": [190, 191, 194, 195, 198, 201, 202, 204, 205, 206, 207, 209], "excluded_lines": []}, "AdaptiveRateLimiter.record_success": {"executed_lines": [], "summary": {"covered_lines": 0, "num_statements": 3, "percent_covered": 0.0, "percent_covered_display": "0", "missing_lines": 3, "excluded_lines": 0}, "missing_lines": [219, 222, 224], "excluded_lines": []}, "AdaptiveRateLimiter.record_error": {"executed_lines": [], "summary": {"covered_lines": 0, "num_statements": 7, "percent_covered": 0.0, "percent_covered_display": "0", "missing_lines": 7, "excluded_lines": 0}, "missing_lines": [237, 240, 246, 247, 248, 251, 253], "excluded_lines": []}, "AdaptiveRateLimiter.handle_429": {"executed_lines": [], "summary": {"covered_lines": 0, "num_statements": 16, "percent_covered": 0.0, "percent_covered_display": "0", "missing_lines": 16, "excluded_lines": 0}, "missing_lines": [266, 268, 269, 271, 272, 274, 275, 277, 278, 279, 280, 283, 284, 290, 293, 294], "excluded_lines": []}, "AdaptiveRateLimiter.reset": {"executed_lines": [], "summary": {"covered_lines": 0, "num_statements": 4, "percent_covered": 0.0, "percent_covered_display": "0", "missing_lines": 4, "excluded_lines": 0}, "missing_lines": [298, 299, 300, 301], "excluded_lines": []}, "AdaptiveRateLimiter.get_statistics": {"executed_lines": [], "summary": {"covered_lines": 0, "num_statements": 6, "percent_covered": 0.0, "percent_covered_display": "0", "missing_lines": 6, "excluded_lines": 0}, "missing_lines": [305, 312, 313, 314, 315, 317], "excluded_lines": []}, "TimedRequest.__init__": {"executed_lines": [], "summary": {"covered_lines": 0, "num_statements": 3, "percent_covered": 0.0, "percent_covered_display": "0", "missing_lines": 3, "excluded_lines": 0}, "missing_lines": [333, 334, 335], "excluded_lines": []}, "TimedRequest.__enter__": {"executed_lines": [], "summary": {"covered_lines": 0, "num_statements": 3, "percent_covered": 0.0, "percent_covered_display": "0", "missing_lines": 3, "excluded_lines": 0}, "missing_lines": [340, 341, 342], "excluded_lines": []}, "TimedRequest.__exit__": {"executed_lines": [], "summary": {"covered_lines": 0, "num_statements": 5, "percent_covered": 0.0, "percent_covered_display": "0", "missing_lines": 5, "excluded_lines": 0}, "missing_lines": [346, 347, 349, 351, 354], "excluded_lines": []}, "TimedRequest.get_elapsed_ms": {"executed_lines": [], "summary": {"covered_lines": 0, "num_statements": 1, "percent_covered": 0.0, "percent_covered_display": "0", "missing_lines": 1, "excluded_lines": 0}, "missing_lines": [358], "excluded_lines": []}, "": {"executed_lines": [1, 11, 12, 13, 14, 15, 16, 17, 18, 20, 23, 24, 25, 28, 29, 32, 33, 36, 37, 40, 41, 42, 45, 46, 49, 50, 61, 88, 103, 116, 135, 162, 179, 211, 229, 258, 296, 303, 323, 324, 326, 337, 344, 356, 362], "summary": {"covered_lines": 40, "num_statements": 40, "percent_covered": 100.0, "percent_covered_display": "100", "missing_lines": 0, "excluded_lines": 10}, "missing_lines": [], "excluded_lines": [362, 364, 374, 377, 378, 380, 383, 384, 386, 387]}}, "classes": {"RateLimitConfig": {"executed_lines": [], "summary": {"covered_lines": 0, "num_statements": 0, "percent_covered": 100.0, "percent_covered_display": "100", "missing_lines": 0, "excluded_lines": 0}, "missing_lines": [], "excluded_lines": []}, "AdaptiveRateLimiter": {"executed_lines": [68, 71, 72, 75, 78, 79, 80, 83, 86, 90, 92, 93], "summary": {"covered_lines": 12, "num_statements": 92, "percent_covered": 13.043478260869565, "percent_covered_display": "13", "missing_lines": 80, "excluded_lines": 0}, "missing_lines": [94, 96, 97, 100, 101, 105, 106, 108, 109, 112, 114, 123, 124, 126, 127, 129, 130, 131, 133, 142, 143, 146, 149, 151, 154, 157, 158, 160, 172, 173, 176, 177, 190, 191, 194, 195, 198, 201, 202, 204, 205, 206, 207, 209, 219, 222, 224, 237, 240, 246, 247, 248, 251, 253, 266, 268, 269, 271, 272, 274, 275, 277, 278, 279, 280, 283, 284, 290, 293, 294, 298, 299, 300, 301, 305, 312, 313, 314, 315, 317], "excluded_lines": []}, "TimedRequest": {"executed_lines": [], "summary": {"covered_lines": 0, "num_statements": 12, "percent_covered": 0.0, "percent_covered_display": "0", "missing_lines": 12, "excluded_lines": 0}, "missing_lines": [333, 334, 335, 340, 341, 342, 346, 347, 349, 351, 354, 358], "excluded_lines": []}, "": {"executed_lines": [1, 11, 12, 13, 14, 15, 16, 17, 18, 20, 23, 24, 25, 28, 29, 32, 33, 36, 37, 40, 41, 42, 45, 46, 49, 50, 61, 88, 103, 116, 135, 162, 179, 211, 229, 258, 296, 303, 323, 324, 326, 337, 344, 356, 362], "summary": {"covered_lines": 40, "num_statements": 40, "percent_covered": 100.0, "percent_covered_display": "100", "missing_lines": 0, "excluded_lines": 10}, "missing_lines": [], "excluded_lines": [362, 364, 374, 377, 378, 380, 383, 384, 386, 387]}}}, "src/somali_dialect_classifier/utils/security.py": {"executed_lines": [1, 10, 11, 15, 26, 54, 58, 59, 62, 65, 66, 70, 72, 73, 76, 83, 107, 108, 111, 112, 115, 118, 171, 189, 192, 195, 198, 201, 203, 204, 206, 209, 229, 231, 232, 235, 236, 239, 240, 244, 251, 252, 255, 256, 257, 258, 259, 261, 262, 263, 264, 265, 266, 270], "summary": {"covered_lines": 53, "num_statements": 66, "percent_covered": 80.3030303030303, "percent_covered_display": "80", "missing_lines": 13, "excluded_lines": 0}, "missing_lines": [55, 141, 142, 145, 161, 162, 163, 168, 241, 267, 268, 272, 273], "excluded_lines": [], "functions": {"sanitize_source_name": {"executed_lines": [54, 58, 59, 62, 65, 66, 70, 72, 73, 76], "summary": {"covered_lines": 10, "num_statements": 11, "percent_covered": 90.9090909090909, "percent_covered_display": "91", "missing_lines": 1, "excluded_lines": 0}, "missing_lines": [55], "excluded_lines": []}, "mask_secret": {"executed_lines": [107, 108, 111, 112, 115], "summary": {"covered_lines": 5, "num_statements": 5, "percent_covered": 100.0, "percent_covered_display": "100", "missing_lines": 0, "excluded_lines": 0}, "missing_lines": [], "excluded_lines": []}, "validate_sql_parameter": {"executed_lines": [], "summary": {"covered_lines": 0, "num_statements": 7, "percent_covered": 0.0, "percent_covered_display": "0", "missing_lines": 7, "excluded_lines": 0}, "missing_lines": [141, 142, 145, 161, 162, 163, 168], "excluded_lines": []}, "sanitize_filename": {"executed_lines": [189, 192, 195, 198, 201, 203, 204, 206], "summary": {"covered_lines": 8, "num_statements": 8, "percent_covered": 100.0, "percent_covered_display": "100", "missing_lines": 0, "excluded_lines": 0}, "missing_lines": [], "excluded_lines": []}, "is_safe_url": {"executed_lines": [229, 231, 232, 235, 236, 239, 240, 244, 251, 252, 255, 256, 257, 258, 259, 261, 262, 263, 264, 265, 266, 270], "summary": {"covered_lines": 22, "num_statements": 27, "percent_covered": 81.48148148148148, "percent_covered_display": "81", "missing_lines": 5, "excluded_lines": 0}, "missing_lines": [241, 267, 268, 272, 273], "excluded_lines": []}, "": {"executed_lines": [1, 10, 11, 15, 26, 83, 118, 171, 209], "summary": {"covered_lines": 8, "num_statements": 8, "percent_covered": 100.0, "percent_covered_display": "100", "missing_lines": 0, "excluded_lines": 0}, "missing_lines": [], "excluded_lines": []}}, "classes": {"": {"executed_lines": [1, 10, 11, 15, 26, 54, 58, 59, 62, 65, 66, 70, 72, 73, 76, 83, 107, 108, 111, 112, 115, 118, 171, 189, 192, 195, 198, 201, 203, 204, 206, 209, 229, 231, 232, 235, 236, 239, 240, 244, 251, 252, 255, 256, 257, 258, 259, 261, 262, 263, 264, 265, 266, 270], "summary": {"covered_lines": 53, "num_statements": 66, "percent_covered": 80.3030303030303, "percent_covered_display": "80", "missing_lines": 13, "excluded_lines": 0}, "missing_lines": [55, 141, 142, 145, 161, 162, 163, 168, 241, 267, 268, 272, 273], "excluded_lines": []}}}, "src/somali_dialect_classifier/utils/visualization_aggregator.py": {"executed_lines": [], "summary": {"covered_lines": 0, "num_statements": 176, "percent_covered": 0.0, "percent_covered_display": "0", "missing_lines": 176, "excluded_lines": 0}, "missing_lines": [14, 15, 16, 17, 18, 19, 20, 22, 30, 65, 75, 76, 77, 78, 79, 80, 82, 84, 86, 88, 89, 90, 91, 92, 93, 95, 97, 98, 99, 100, 101, 102, 103, 105, 107, 108, 109, 110, 111, 114, 115, 116, 117, 118, 120, 121, 123, 124, 125, 126, 127, 128, 131, 132, 133, 136, 138, 139, 141, 142, 144, 145, 147, 148, 152, 153, 156, 174, 192, 223, 224, 226, 227, 230, 234, 235, 236, 239, 240, 241, 242, 243, 244, 246, 248, 249, 253, 254, 255, 256, 257, 260, 261, 263, 266, 269, 271, 272, 273, 274, 276, 284, 297, 324, 334, 335, 336, 337, 339, 341, 344, 345, 346, 348, 350, 353, 354, 356, 362, 363, 365, 366, 367, 369, 370, 371, 373, 374, 375, 378, 379, 380, 382, 397, 415, 429, 432, 433, 434, 435, 436, 437, 440, 441, 442, 443, 444, 445, 448, 449, 450, 451, 452, 453, 456, 457, 458, 459, 460, 461, 463, 466, 476, 477, 485, 486, 488, 489, 491, 492, 496, 497, 499, 500, 501, 503], "excluded_lines": [], "functions": {"calculate_pipeline_flow": {"executed_lines": [], "summary": {"covered_lines": 0, "num_statements": 59, "percent_covered": 0.0, "percent_covered_display": "0", "missing_lines": 59, "excluded_lines": 0}, "missing_lines": [65, 75, 76, 77, 78, 79, 80, 82, 84, 86, 88, 89, 90, 91, 92, 93, 95, 97, 98, 99, 100, 101, 102, 103, 105, 107, 108, 109, 110, 111, 114, 115, 116, 117, 118, 120, 121, 123, 124, 125, 126, 127, 128, 131, 132, 133, 136, 138, 139, 141, 142, 144, 145, 147, 148, 152, 153, 156, 174], "excluded_lines": []}, "calculate_text_length_distribution": {"executed_lines": [], "summary": {"covered_lines": 0, "num_statements": 33, "percent_covered": 0.0, "percent_covered_display": "0", "missing_lines": 33, "excluded_lines": 0}, "missing_lines": [223, 224, 226, 227, 230, 234, 235, 236, 239, 240, 241, 242, 243, 244, 246, 248, 249, 253, 254, 255, 256, 257, 260, 261, 263, 266, 269, 271, 272, 273, 274, 276, 284], "excluded_lines": []}, "calculate_time_series": {"executed_lines": [], "summary": {"covered_lines": 0, "num_statements": 31, "percent_covered": 0.0, "percent_covered_display": "0", "missing_lines": 31, "excluded_lines": 0}, "missing_lines": [324, 334, 335, 336, 337, 339, 341, 344, 345, 346, 348, 350, 353, 354, 356, 362, 363, 365, 366, 367, 369, 370, 371, 373, 374, 375, 378, 379, 380, 382, 397], "excluded_lines": []}, "export_visualization_data": {"executed_lines": [], "summary": {"covered_lines": 0, "num_statements": 26, "percent_covered": 0.0, "percent_covered_display": "0", "missing_lines": 26, "excluded_lines": 0}, "missing_lines": [429, 432, 433, 434, 435, 436, 437, 440, 441, 442, 443, 444, 445, 448, 449, 450, 451, 452, 453, 456, 457, 458, 459, 460, 461, 463], "excluded_lines": []}, "calculate_summary_stats": {"executed_lines": [], "summary": {"covered_lines": 0, "num_statements": 14, "percent_covered": 0.0, "percent_covered_display": "0", "missing_lines": 14, "excluded_lines": 0}, "missing_lines": [476, 477, 485, 486, 488, 489, 491, 492, 496, 497, 499, 500, 501, 503], "excluded_lines": []}, "": {"executed_lines": [], "summary": {"covered_lines": 0, "num_statements": 13, "percent_covered": 0.0, "percent_covered_display": "0", "missing_lines": 13, "excluded_lines": 0}, "missing_lines": [14, 15, 16, 17, 18, 19, 20, 22, 30, 192, 297, 415, 466], "excluded_lines": []}}, "classes": {"": {"executed_lines": [], "summary": {"covered_lines": 0, "num_statements": 176, "percent_covered": 0.0, "percent_covered_display": "0", "missing_lines": 176, "excluded_lines": 0}, "missing_lines": [14, 15, 16, 17, 18, 19, 20, 22, 30, 65, 75, 76, 77, 78, 79, 80, 82, 84, 86, 88, 89, 90, 91, 92, 93, 95, 97, 98, 99, 100, 101, 102, 103, 105, 107, 108, 109, 110, 111, 114, 115, 116, 117, 118, 120, 121, 123, 124, 125, 126, 127, 128, 131, 132, 133, 136, 138, 139, 141, 142, 144, 145, 147, 148, 152, 153, 156, 174, 192, 223, 224, 226, 227, 230, 234, 235, 236, 239, 240, 241, 242, 243, 244, 246, 248, 249, 253, 254, 255, 256, 257, 260, 261, 263, 266, 269, 271, 272, 273, 274, 276, 284, 297, 324, 334, 335, 336, 337, 339, 341, 344, 345, 346, 348, 350, 353, 354, 356, 362, 363, 365, 366, 367, 369, 370, 371, 373, 374, 375, 378, 379, 380, 382, 397, 415, 429, 432, 433, 434, 435, 436, 437, 440, 441, 442, 443, 444, 445, 448, 449, 450, 451, 452, 453, 456, 457, 458, 459, 460, 461, 463, 466, 476, 477, 485, 486, 488, 489, 491, 492, 496, 497, 499, 500, 501, 503], "excluded_lines": []}}}}, "totals": {"covered_lines": 2738, "num_statements": 6684, "percent_covered": 40.96349491322562, "percent_covered_display": "41", "missing_lines": 3946, "excluded_lines": 102}}